2020-11-04 17:32:49,398 INFO [main] h.j.c.m.Glavna [Glavna.java:27] Pokrenuli smo program!
2020-11-04 17:34:29,210 INFO [main] h.j.c.m.Glavna [Glavna.java:27] Pokrenuli smo program!
2020-11-04 17:39:16,459 INFO [main] h.j.c.m.Glavna [Glavna.java:27] Program je uspješno pokrenut!
2020-11-04 17:42:40,667 INFO [main] h.j.c.m.Glavna [Glavna.java:27] Program je uspješno pokrenut!
2020-11-04 17:42:48,193 ERROR [main] h.j.c.m.Glavna [Glavna.java:402] Pogreška kod unosa brojčane vrijednosti. Unesen je string koji se ne može parsirati.
java.util.InputMismatchException: null
	at java.base/java.util.Scanner.throwFor(Scanner.java:939)
	at java.base/java.util.Scanner.next(Scanner.java:1594)
	at java.base/java.util.Scanner.nextInt(Scanner.java:2258)
	at java.base/java.util.Scanner.nextInt(Scanner.java:2212)
	at hr.java.covidportal.main.Glavna.unesiZupaniju(Glavna.java:398)
	at hr.java.covidportal.main.Glavna.main(Glavna.java:37)
2020-11-04 17:46:33,842 ERROR [main] h.j.c.m.Glavna [Glavna.java:93] Pogreška kod unosa brojčane vrijednosti. Unesen je string koji se ne može parsirati.
java.util.InputMismatchException: null
	at java.base/java.util.Scanner.throwFor(Scanner.java:939)
	at java.base/java.util.Scanner.next(Scanner.java:1594)
	at java.base/java.util.Scanner.nextInt(Scanner.java:2258)
	at java.base/java.util.Scanner.nextInt(Scanner.java:2212)
	at hr.java.covidportal.main.Glavna.unesiOsobu(Glavna.java:89)
	at hr.java.covidportal.main.Glavna.main(Glavna.java:70)
2020-11-04 17:46:46,393 ERROR [main] h.j.c.m.Glavna [Glavna.java:93] Pogreška kod unosa brojčane vrijednosti. Unesen je string koji se ne može parsirati.
java.util.InputMismatchException: null
	at java.base/java.util.Scanner.throwFor(Scanner.java:939)
	at java.base/java.util.Scanner.next(Scanner.java:1594)
	at java.base/java.util.Scanner.nextInt(Scanner.java:2258)
	at java.base/java.util.Scanner.nextInt(Scanner.java:2212)
	at hr.java.covidportal.main.Glavna.unesiOsobu(Glavna.java:89)
	at hr.java.covidportal.main.Glavna.main(Glavna.java:70)
2020-11-04 17:54:22,518 INFO [main] h.j.c.m.Glavna [Glavna.java:27] Program je uspješno pokrenut.
2020-11-04 17:54:37,507 ERROR [main] h.j.c.m.Glavna [Glavna.java:408] Pogreška kod unosa brojčane vrijednosti. Unesen je string koji se ne može parsirati.
java.util.InputMismatchException: null
	at java.base/java.util.Scanner.throwFor(Scanner.java:939)
	at java.base/java.util.Scanner.next(Scanner.java:1594)
	at java.base/java.util.Scanner.nextInt(Scanner.java:2258)
	at java.base/java.util.Scanner.nextInt(Scanner.java:2212)
	at hr.java.covidportal.main.Glavna.unesiZupaniju(Glavna.java:404)
	at hr.java.covidportal.main.Glavna.main(Glavna.java:37)
2020-11-04 17:55:07,680 ERROR [main] h.j.c.m.Glavna [Glavna.java:56] Već je unesena bolest sa istim simptomima!
hr.java.covidportal.iznimke.BolestIstihSimptoma: Već ste unijeli bolest/virus sa istim simptomima! Pokušajte ponovo.
	at hr.java.covidportal.main.Glavna.provjeraSimptoma(Glavna.java:303)
	at hr.java.covidportal.main.Glavna.main(Glavna.java:51)
2020-11-04 17:55:09,778 ERROR [main] h.j.c.m.Glavna [Glavna.java:323] Pogreška kod unosa brojčane vrijednosti. Unesen je string koji se ne može parsirati.
java.util.InputMismatchException: null
	at java.base/java.util.Scanner.throwFor(Scanner.java:939)
	at java.base/java.util.Scanner.next(Scanner.java:1594)
	at java.base/java.util.Scanner.nextInt(Scanner.java:2258)
	at java.base/java.util.Scanner.nextInt(Scanner.java:2212)
	at hr.java.covidportal.main.Glavna.unesiBolest(Glavna.java:319)
	at hr.java.covidportal.main.Glavna.main(Glavna.java:50)
2020-11-04 17:55:28,158 ERROR [main] h.j.c.m.Glavna [Glavna.java:94] Pogreška kod unosa brojčane vrijednosti. Unesen je string koji se ne može parsirati.
java.util.InputMismatchException: null
	at java.base/java.util.Scanner.throwFor(Scanner.java:939)
	at java.base/java.util.Scanner.next(Scanner.java:1594)
	at java.base/java.util.Scanner.nextInt(Scanner.java:2258)
	at java.base/java.util.Scanner.nextInt(Scanner.java:2212)
	at hr.java.covidportal.main.Glavna.unesiOsobu(Glavna.java:90)
	at hr.java.covidportal.main.Glavna.main(Glavna.java:71)
2020-11-04 17:55:30,608 ERROR [main] h.j.c.m.Glavna [Glavna.java:259] Pogreška kod unosa brojčane vrijednosti. Unesen je string koji se ne može parsirati.
java.util.InputMismatchException: null
	at java.base/java.util.Scanner.throwFor(Scanner.java:939)
	at java.base/java.util.Scanner.next(Scanner.java:1594)
	at java.base/java.util.Scanner.nextInt(Scanner.java:2258)
	at java.base/java.util.Scanner.nextInt(Scanner.java:2212)
	at hr.java.covidportal.main.Glavna.odaberiZupaniju(Glavna.java:255)
	at hr.java.covidportal.main.Glavna.unesiOsobu(Glavna.java:102)
	at hr.java.covidportal.main.Glavna.main(Glavna.java:71)
2020-11-04 17:55:53,655 ERROR [main] h.j.c.m.Glavna [Glavna.java:94] Pogreška kod unosa brojčane vrijednosti. Unesen je string koji se ne može parsirati.
java.util.InputMismatchException: null
	at java.base/java.util.Scanner.throwFor(Scanner.java:939)
	at java.base/java.util.Scanner.next(Scanner.java:1594)
	at java.base/java.util.Scanner.nextInt(Scanner.java:2258)
	at java.base/java.util.Scanner.nextInt(Scanner.java:2212)
	at hr.java.covidportal.main.Glavna.unesiOsobu(Glavna.java:90)
	at hr.java.covidportal.main.Glavna.main(Glavna.java:71)
2020-11-04 17:56:41,433 ERROR [main] h.j.c.m.Glavna [Glavna.java:184] Ta osoba se već unijela kao kontakt!
hr.java.covidportal.iznimke.DuplikatorKontaktiraneOsobe: Već ste unijeli tu osobu kao kontakt! Pokušajte ponovo.
	at hr.java.covidportal.main.Glavna.provjeraDuplikata(Glavna.java:210)
	at hr.java.covidportal.main.Glavna.odaberiKontakte(Glavna.java:181)
	at hr.java.covidportal.main.Glavna.unesiOsobu(Glavna.java:107)
	at hr.java.covidportal.main.Glavna.main(Glavna.java:71)
2020-11-04 19:38:04,844 INFO [main] h.j.c.m.Glavna [Glavna.java:27] Program je uspješno pokrenut.
2020-11-04 19:38:08,464 INFO [main] h.j.c.m.Glavna [Glavna.java:39] Sve županije su uspješno unesene.
2020-11-04 19:38:28,844 INFO [main] h.j.c.m.Glavna [Glavna.java:45] Svi simptomi su uspješno uneseni.
2020-11-04 19:38:38,747 ERROR [main] h.j.c.m.Glavna [Glavna.java:58] Već je unesena bolest sa istim simptomima!
hr.java.covidportal.iznimke.BolestIstihSimptoma: Već ste unijeli bolest/virus sa istim simptomima! Pokušajte ponovo.
	at hr.java.covidportal.main.Glavna.provjeraSimptoma(Glavna.java:309)
	at hr.java.covidportal.main.Glavna.main(Glavna.java:53)
2020-11-04 19:38:57,949 ERROR [main] h.j.c.m.Glavna [Glavna.java:58] Već je unesena bolest sa istim simptomima!
hr.java.covidportal.iznimke.BolestIstihSimptoma: Već ste unijeli bolest/virus sa istim simptomima! Pokušajte ponovo.
	at hr.java.covidportal.main.Glavna.provjeraSimptoma(Glavna.java:309)
	at hr.java.covidportal.main.Glavna.main(Glavna.java:53)
2020-11-04 19:39:10,964 INFO [main] h.j.c.m.Glavna [Glavna.java:62] Sve bolesti su uspješno unesene.
2020-11-06 13:51:22,508 INFO [main] h.j.c.m.Glavna [Glavna.java:36] Program je uspješno pokrenut.
2020-11-06 13:51:28,384 INFO [main] h.j.c.m.Glavna [Glavna.java:48] Sve županije su uspješno unesene.
2020-11-06 13:51:34,792 INFO [main] h.j.c.m.Glavna [Glavna.java:36] Program je uspješno pokrenut.
2020-11-06 13:51:55,923 INFO [main] h.j.c.m.Glavna [Glavna.java:48] Sve županije su uspješno unesene.
2020-11-06 13:52:09,880 INFO [main] h.j.c.m.Glavna [Glavna.java:54] Svi simptomi su uspješno uneseni.
2020-11-06 13:52:49,485 INFO [main] h.j.c.m.Glavna [Glavna.java:71] Sve bolesti su uspješno unesene.
2020-11-06 13:53:21,636 INFO [main] h.j.c.m.Glavna [Glavna.java:78] Sve osobe su uspješno unesene.
2020-11-08 23:18:21,741 INFO [main] h.j.c.m.Glavna [Glavna.java:36] Program je uspješno pokrenut.
2020-11-08 23:18:49,275 INFO [main] h.j.c.m.Glavna [Glavna.java:48] Sve županije su uspješno unesene.
2020-11-08 23:19:25,654 INFO [main] h.j.c.m.Glavna [Glavna.java:54] Svi simptomi su uspješno uneseni.
2020-11-09 14:34:43,299 INFO [main] h.j.c.m.Glavna [Glavna.java:34] Program je uspješno pokrenut.
2020-11-09 14:34:52,514 INFO [main] h.j.c.m.Glavna [Glavna.java:34] Program je uspješno pokrenut.
2020-11-09 14:35:05,415 INFO [main] h.j.c.m.Glavna [Glavna.java:46] Sve županije su uspješno unesene.
2020-11-09 14:35:24,892 INFO [main] h.j.c.m.Glavna [Glavna.java:52] Svi simptomi su uspješno uneseni.
2020-11-09 14:35:37,220 ERROR [main] h.j.c.m.Glavna [Glavna.java:65] Već je unesena bolest sa istim simptomima!
hr.java.covidportal.iznimke.BolestIstihSimptoma: Već ste unijeli bolest/virus sa istim simptomima! Pokušajte ponovo.
	at hr.java.covidportal.main.Glavna.provjeraSimptoma(Glavna.java:371)
	at hr.java.covidportal.main.Glavna.main(Glavna.java:60)
2020-11-09 14:35:58,345 INFO [main] h.j.c.m.Glavna [Glavna.java:69] Sve bolesti su uspješno unesene.
2020-11-09 14:40:28,023 INFO [main] h.j.c.m.Glavna [Glavna.java:34] Program je uspješno pokrenut.
2020-11-09 14:40:31,511 INFO [main] h.j.c.m.Glavna [Glavna.java:46] Sve županije su uspješno unesene.
2020-11-09 14:40:32,427 INFO [main] h.j.c.m.Glavna [Glavna.java:52] Svi simptomi su uspješno uneseni.
2020-11-09 14:40:41,760 ERROR [main] h.j.c.m.Glavna [Glavna.java:65] Već je unesena bolest sa istim simptomima!
hr.java.covidportal.iznimke.BolestIstihSimptoma: Već ste unijeli bolest/virus sa istim simptomima! Pokušajte ponovo.
	at hr.java.covidportal.main.Glavna.provjeraSimptoma(Glavna.java:372)
	at hr.java.covidportal.main.Glavna.main(Glavna.java:60)
2020-11-09 14:40:47,842 ERROR [main] h.j.c.m.Glavna [Glavna.java:65] Već je unesena bolest sa istim simptomima!
hr.java.covidportal.iznimke.BolestIstihSimptoma: Već ste unijeli bolest/virus sa istim simptomima! Pokušajte ponovo.
	at hr.java.covidportal.main.Glavna.provjeraSimptoma(Glavna.java:372)
	at hr.java.covidportal.main.Glavna.main(Glavna.java:60)
2020-11-09 14:40:56,171 INFO [main] h.j.c.m.Glavna [Glavna.java:34] Program je uspješno pokrenut.
2020-11-09 14:40:59,356 INFO [main] h.j.c.m.Glavna [Glavna.java:46] Sve županije su uspješno unesene.
2020-11-09 14:41:09,380 INFO [main] h.j.c.m.Glavna [Glavna.java:52] Svi simptomi su uspješno uneseni.
2020-11-09 14:41:29,996 INFO [main] h.j.c.m.Glavna [Glavna.java:69] Sve bolesti su uspješno unesene.
2020-11-09 14:44:54,682 INFO [main] h.j.c.m.Glavna [Glavna.java:34] Program je uspješno pokrenut.
2020-11-09 14:44:57,801 INFO [main] h.j.c.m.Glavna [Glavna.java:46] Sve županije su uspješno unesene.
2020-11-09 14:45:11,725 INFO [main] h.j.c.m.Glavna [Glavna.java:52] Svi simptomi su uspješno uneseni.
2020-11-09 14:45:34,694 INFO [main] h.j.c.m.Glavna [Glavna.java:69] Sve bolesti su uspješno unesene.
2020-11-09 14:54:06,744 INFO [main] h.j.c.m.Glavna [Glavna.java:34] Program je uspješno pokrenut.
2020-11-09 14:54:10,136 INFO [main] h.j.c.m.Glavna [Glavna.java:46] Sve županije su uspješno unesene.
2020-11-09 14:54:21,186 INFO [main] h.j.c.m.Glavna [Glavna.java:52] Svi simptomi su uspješno uneseni.
2020-11-09 14:54:36,901 INFO [main] h.j.c.m.Glavna [Glavna.java:69] Sve bolesti su uspješno unesene.
2020-11-09 14:57:33,113 INFO [main] h.j.c.m.Glavna [Glavna.java:34] Program je uspješno pokrenut.
2020-11-09 14:57:38,232 INFO [main] h.j.c.m.Glavna [Glavna.java:34] Program je uspješno pokrenut.
2020-11-09 14:57:55,951 INFO [main] h.j.c.m.Glavna [Glavna.java:46] Sve županije su uspješno unesene.
2020-11-09 14:58:09,261 INFO [main] h.j.c.m.Glavna [Glavna.java:52] Svi simptomi su uspješno uneseni.
2020-11-09 14:58:30,121 INFO [main] h.j.c.m.Glavna [Glavna.java:34] Program je uspješno pokrenut.
2020-11-09 14:58:50,351 INFO [main] h.j.c.m.Glavna [Glavna.java:46] Sve županije su uspješno unesene.
2020-11-09 14:59:01,440 INFO [main] h.j.c.m.Glavna [Glavna.java:52] Svi simptomi su uspješno uneseni.
2020-11-09 14:59:18,535 INFO [main] h.j.c.m.Glavna [Glavna.java:69] Sve bolesti su uspješno unesene.
2020-11-09 14:59:55,091 INFO [main] h.j.c.m.Glavna [Glavna.java:34] Program je uspješno pokrenut.
2020-11-09 15:00:13,241 INFO [main] h.j.c.m.Glavna [Glavna.java:46] Sve županije su uspješno unesene.
2020-11-09 15:00:26,071 INFO [main] h.j.c.m.Glavna [Glavna.java:52] Svi simptomi su uspješno uneseni.
2020-11-09 15:00:44,795 INFO [main] h.j.c.m.Glavna [Glavna.java:69] Sve bolesti su uspješno unesene.
2020-11-09 15:03:47,320 INFO [main] h.j.c.m.Glavna [Glavna.java:34] Program je uspješno pokrenut.
2020-11-09 15:04:00,654 INFO [main] h.j.c.m.Glavna [Glavna.java:46] Sve županije su uspješno unesene.
2020-11-09 15:04:15,381 INFO [main] h.j.c.m.Glavna [Glavna.java:52] Svi simptomi su uspješno uneseni.
2020-11-09 15:04:31,526 INFO [main] h.j.c.m.Glavna [Glavna.java:69] Sve bolesti su uspješno unesene.
2020-11-09 15:05:09,855 INFO [main] h.j.c.m.Glavna [Glavna.java:76] Sve osobe su uspješno unesene.
2020-11-09 16:21:15,239 INFO [main] h.j.c.m.Glavna [Glavna.java:34] Program je uspješno pokrenut.
2020-11-09 16:21:35,398 INFO [main] h.j.c.m.Glavna [Glavna.java:46] Sve županije su uspješno unesene.
2020-11-09 16:21:49,359 INFO [main] h.j.c.m.Glavna [Glavna.java:52] Svi simptomi su uspješno uneseni.
2020-11-09 16:22:10,786 INFO [main] h.j.c.m.Glavna [Glavna.java:69] Sve bolesti su uspješno unesene.
2020-11-09 16:22:40,807 INFO [main] h.j.c.m.Glavna [Glavna.java:76] Sve osobe su uspješno unesene.
2020-11-09 16:22:52,982 INFO [main] h.j.c.m.Glavna [Glavna.java:34] Program je uspješno pokrenut.
2020-11-09 16:22:55,142 INFO [main] h.j.c.m.Glavna [Glavna.java:46] Sve županije su uspješno unesene.
2020-11-09 16:23:02,191 INFO [main] h.j.c.m.Glavna [Glavna.java:52] Svi simptomi su uspješno uneseni.
2020-11-09 16:23:02,733 ERROR [main] h.j.c.m.Glavna [Glavna.java:400] Pogreška kod unosa brojčane vrijednosti. Unesen je string koji se ne može parsirati.
java.util.InputMismatchException: null
	at java.base/java.util.Scanner.throwFor(Scanner.java:939)
	at java.base/java.util.Scanner.next(Scanner.java:1594)
	at java.base/java.util.Scanner.nextInt(Scanner.java:2258)
	at java.base/java.util.Scanner.nextInt(Scanner.java:2212)
	at hr.java.covidportal.main.Glavna.unesiBolest(Glavna.java:396)
	at hr.java.covidportal.main.Glavna.main(Glavna.java:59)
2020-11-09 16:23:16,307 INFO [main] h.j.c.m.Glavna [Glavna.java:69] Sve bolesti su uspješno unesene.
2020-11-09 16:23:37,658 ERROR [main] h.j.c.m.Glavna [Glavna.java:277] Pogreška kod unosa brojčane vrijednosti. Unesen je string koji se ne može parsirati.
java.util.InputMismatchException: null
	at java.base/java.util.Scanner.throwFor(Scanner.java:939)
	at java.base/java.util.Scanner.next(Scanner.java:1594)
	at java.base/java.util.Scanner.nextInt(Scanner.java:2258)
	at java.base/java.util.Scanner.nextInt(Scanner.java:2212)
	at hr.java.covidportal.main.Glavna.odaberiBolest(Glavna.java:273)
	at hr.java.covidportal.main.Glavna.unesiOsobu(Glavna.java:118)
	at hr.java.covidportal.main.Glavna.main(Glavna.java:73)
2020-11-09 16:23:40,921 INFO [main] h.j.c.m.Glavna [Glavna.java:76] Sve osobe su uspješno unesene.
2020-11-09 16:23:51,348 INFO [main] h.j.c.m.Glavna [Glavna.java:34] Program je uspješno pokrenut.
2020-11-09 16:24:05,929 INFO [main] h.j.c.m.Glavna [Glavna.java:46] Sve županije su uspješno unesene.
2020-11-09 16:24:16,861 INFO [main] h.j.c.m.Glavna [Glavna.java:52] Svi simptomi su uspješno uneseni.
2020-11-09 16:24:40,453 INFO [main] h.j.c.m.Glavna [Glavna.java:69] Sve bolesti su uspješno unesene.
2020-11-09 16:25:16,924 INFO [main] h.j.c.m.Glavna [Glavna.java:76] Sve osobe su uspješno unesene.
2020-11-09 16:26:53,728 INFO [main] h.j.c.m.Glavna [Glavna.java:34] Program je uspješno pokrenut.
2020-11-09 16:28:54,967 INFO [main] h.j.c.m.Glavna [Glavna.java:46] Sve županije su uspješno unesene.
2020-11-09 16:29:05,629 INFO [main] h.j.c.m.Glavna [Glavna.java:52] Svi simptomi su uspješno uneseni.
2020-11-09 16:29:29,117 ERROR [main] h.j.c.m.Glavna [Glavna.java:65] Već je unesena bolest sa istim simptomima!
hr.java.covidportal.iznimke.BolestIstihSimptoma: Već ste unijeli bolest/virus sa istim simptomima! Pokušajte ponovo.
	at hr.java.covidportal.main.Glavna.provjeraSimptoma(Glavna.java:373)
	at hr.java.covidportal.main.Glavna.main(Glavna.java:60)
2020-11-09 16:29:37,428 INFO [main] h.j.c.m.Glavna [Glavna.java:69] Sve bolesti su uspješno unesene.
2020-11-09 16:31:13,740 INFO [main] h.j.c.m.Glavna [Glavna.java:76] Sve osobe su uspješno unesene.
2020-11-09 20:02:12,644 INFO [main] h.j.c.m.Glavna [Glavna.java:34] Program je uspješno pokrenut.
2020-11-09 20:02:47,620 INFO [main] h.j.c.m.Glavna [Glavna.java:46] Sve županije su uspješno unesene.
2020-11-09 20:02:59,426 INFO [main] h.j.c.m.Glavna [Glavna.java:52] Svi simptomi su uspješno uneseni.
2020-11-09 20:21:56,229 INFO [main] h.j.c.m.Glavna [Glavna.java:34] Program je uspješno pokrenut.
2020-11-09 20:21:59,021 INFO [main] h.j.c.m.Glavna [Glavna.java:46] Sve županije su uspješno unesene.
2020-11-09 20:22:25,684 INFO [main] h.j.c.m.Glavna [Glavna.java:52] Svi simptomi su uspješno uneseni.
2020-11-09 20:23:05,147 INFO [main] h.j.c.m.Glavna [Glavna.java:69] Sve bolesti su uspješno unesene.
2020-11-09 20:23:11,892 INFO [main] h.j.c.m.Glavna [Glavna.java:34] Program je uspješno pokrenut.
2020-11-09 20:23:14,988 INFO [main] h.j.c.m.Glavna [Glavna.java:46] Sve županije su uspješno unesene.
2020-11-09 20:23:23,830 INFO [main] h.j.c.m.Glavna [Glavna.java:52] Svi simptomi su uspješno uneseni.
2020-11-09 20:28:51,809 INFO [main] h.j.c.m.Glavna [Glavna.java:34] Program je uspješno pokrenut.
2020-11-09 20:29:03,983 INFO [main] h.j.c.m.Glavna [Glavna.java:46] Sve županije su uspješno unesene.
2020-11-09 20:29:26,523 INFO [main] h.j.c.m.Glavna [Glavna.java:52] Svi simptomi su uspješno uneseni.
2020-11-09 20:31:07,192 INFO [main] h.j.c.m.Glavna [Glavna.java:34] Program je uspješno pokrenut.
2020-11-09 20:31:10,948 INFO [main] h.j.c.m.Glavna [Glavna.java:46] Sve županije su uspješno unesene.
2020-11-09 20:31:20,254 INFO [main] h.j.c.m.Glavna [Glavna.java:52] Svi simptomi su uspješno uneseni.
2020-11-09 20:33:13,894 INFO [main] h.j.c.m.Glavna [Glavna.java:34] Program je uspješno pokrenut.
2020-11-09 20:33:15,963 INFO [main] h.j.c.m.Glavna [Glavna.java:46] Sve županije su uspješno unesene.
2020-11-09 20:33:25,111 INFO [main] h.j.c.m.Glavna [Glavna.java:52] Svi simptomi su uspješno uneseni.
2020-11-09 20:33:50,607 INFO [main] h.j.c.m.Glavna [Glavna.java:69] Sve bolesti su uspješno unesene.
2020-11-09 20:34:23,006 INFO [main] h.j.c.m.Glavna [Glavna.java:34] Program je uspješno pokrenut.
2020-11-09 20:34:25,551 INFO [main] h.j.c.m.Glavna [Glavna.java:46] Sve županije su uspješno unesene.
2020-11-09 20:34:41,510 INFO [main] h.j.c.m.Glavna [Glavna.java:52] Svi simptomi su uspješno uneseni.
2020-11-09 20:34:54,160 ERROR [main] h.j.c.m.Glavna [Glavna.java:65] Već je unesena bolest sa istim simptomima!
hr.java.covidportal.iznimke.BolestIstihSimptoma: Već ste unijeli bolest/virus sa istim simptomima! Pokušajte ponovo.
	at hr.java.covidportal.main.Glavna.provjeraSimptoma(Glavna.java:379)
	at hr.java.covidportal.main.Glavna.main(Glavna.java:60)
2020-11-09 20:35:11,447 ERROR [main] h.j.c.m.Glavna [Glavna.java:65] Već je unesena bolest sa istim simptomima!
hr.java.covidportal.iznimke.BolestIstihSimptoma: Već ste unijeli bolest/virus sa istim simptomima! Pokušajte ponovo.
	at hr.java.covidportal.main.Glavna.provjeraSimptoma(Glavna.java:379)
	at hr.java.covidportal.main.Glavna.main(Glavna.java:60)
2020-11-09 20:35:16,471 ERROR [main] h.j.c.m.Glavna [Glavna.java:65] Već je unesena bolest sa istim simptomima!
hr.java.covidportal.iznimke.BolestIstihSimptoma: Već ste unijeli bolest/virus sa istim simptomima! Pokušajte ponovo.
	at hr.java.covidportal.main.Glavna.provjeraSimptoma(Glavna.java:379)
	at hr.java.covidportal.main.Glavna.main(Glavna.java:60)
2020-11-09 20:40:21,441 INFO [main] h.j.c.m.Glavna [Glavna.java:34] Program je uspješno pokrenut.
2020-11-09 20:40:23,885 INFO [main] h.j.c.m.Glavna [Glavna.java:46] Sve županije su uspješno unesene.
2020-11-09 20:40:47,848 INFO [main] h.j.c.m.Glavna [Glavna.java:52] Svi simptomi su uspješno uneseni.
2020-11-09 20:42:39,989 INFO [main] h.j.c.m.Glavna [Glavna.java:34] Program je uspješno pokrenut.
2020-11-09 20:42:42,044 INFO [main] h.j.c.m.Glavna [Glavna.java:46] Sve županije su uspješno unesene.
2020-11-09 20:42:54,466 INFO [main] h.j.c.m.Glavna [Glavna.java:52] Svi simptomi su uspješno uneseni.
2020-11-09 20:43:36,333 INFO [main] h.j.c.m.Glavna [Glavna.java:34] Program je uspješno pokrenut.
2020-11-09 20:43:38,750 INFO [main] h.j.c.m.Glavna [Glavna.java:46] Sve županije su uspješno unesene.
2020-11-09 20:43:55,743 INFO [main] h.j.c.m.Glavna [Glavna.java:52] Svi simptomi su uspješno uneseni.
2020-11-09 20:45:22,880 INFO [main] h.j.c.m.Glavna [Glavna.java:69] Sve bolesti su uspješno unesene.
2020-11-09 20:48:52,263 INFO [main] h.j.c.m.Glavna [Glavna.java:34] Program je uspješno pokrenut.
2020-11-09 20:48:54,761 INFO [main] h.j.c.m.Glavna [Glavna.java:46] Sve županije su uspješno unesene.
2020-11-09 20:49:14,471 INFO [main] h.j.c.m.Glavna [Glavna.java:52] Svi simptomi su uspješno uneseni.
2020-11-09 20:54:51,233 INFO [main] h.j.c.m.Glavna [Glavna.java:34] Program je uspješno pokrenut.
2020-11-09 20:54:53,319 INFO [main] h.j.c.m.Glavna [Glavna.java:46] Sve županije su uspješno unesene.
2020-11-09 20:55:06,614 INFO [main] h.j.c.m.Glavna [Glavna.java:52] Svi simptomi su uspješno uneseni.
2020-11-09 20:57:59,413 INFO [main] h.j.c.m.Glavna [Glavna.java:34] Program je uspješno pokrenut.
2020-11-09 20:58:02,462 INFO [main] h.j.c.m.Glavna [Glavna.java:46] Sve županije su uspješno unesene.
2020-11-09 20:58:15,304 INFO [main] h.j.c.m.Glavna [Glavna.java:52] Svi simptomi su uspješno uneseni.
2020-11-09 20:58:44,789 INFO [main] h.j.c.m.Glavna [Glavna.java:69] Sve bolesti su uspješno unesene.
2020-11-09 20:59:55,999 INFO [main] h.j.c.m.Glavna [Glavna.java:34] Program je uspješno pokrenut.
2020-11-09 21:00:14,820 INFO [main] h.j.c.m.Glavna [Glavna.java:34] Program je uspješno pokrenut.
2020-11-09 21:00:18,057 INFO [main] h.j.c.m.Glavna [Glavna.java:46] Sve županije su uspješno unesene.
2020-11-09 21:00:29,613 INFO [main] h.j.c.m.Glavna [Glavna.java:52] Svi simptomi su uspješno uneseni.
2020-11-09 21:01:13,517 INFO [main] h.j.c.m.Glavna [Glavna.java:69] Sve bolesti su uspješno unesene.
2020-11-09 21:02:49,894 INFO [main] h.j.c.m.Glavna [Glavna.java:34] Program je uspješno pokrenut.
2020-11-09 21:02:52,380 INFO [main] h.j.c.m.Glavna [Glavna.java:46] Sve županije su uspješno unesene.
2020-11-09 21:03:07,361 INFO [main] h.j.c.m.Glavna [Glavna.java:52] Svi simptomi su uspješno uneseni.
2020-11-09 21:04:25,180 INFO [main] h.j.c.m.Glavna [Glavna.java:69] Sve bolesti su uspješno unesene.
2020-11-09 21:07:15,879 INFO [main] h.j.c.m.Glavna [Glavna.java:34] Program je uspješno pokrenut.
2020-11-09 21:07:18,758 INFO [main] h.j.c.m.Glavna [Glavna.java:46] Sve županije su uspješno unesene.
2020-11-09 21:07:29,644 INFO [main] h.j.c.m.Glavna [Glavna.java:52] Svi simptomi su uspješno uneseni.
2020-11-09 21:07:53,398 INFO [main] h.j.c.m.Glavna [Glavna.java:69] Sve bolesti su uspješno unesene.
2020-11-09 21:08:54,672 INFO [main] h.j.c.m.Glavna [Glavna.java:34] Program je uspješno pokrenut.
2020-11-09 21:08:57,833 INFO [main] h.j.c.m.Glavna [Glavna.java:46] Sve županije su uspješno unesene.
2020-11-09 21:09:11,886 INFO [main] h.j.c.m.Glavna [Glavna.java:52] Svi simptomi su uspješno uneseni.
2020-11-09 21:09:31,869 ERROR [main] h.j.c.m.Glavna [Glavna.java:65] Već je unesena bolest sa istim simptomima!
hr.java.covidportal.iznimke.BolestIstihSimptoma: Već ste unijeli bolest/virus sa istim simptomima! Pokušajte ponovo.
	at hr.java.covidportal.main.Glavna.provjeraSimptoma(Glavna.java:396)
	at hr.java.covidportal.main.Glavna.main(Glavna.java:60)
2020-11-09 21:09:56,550 INFO [main] h.j.c.m.Glavna [Glavna.java:34] Program je uspješno pokrenut.
2020-11-09 21:09:57,931 INFO [main] h.j.c.m.Glavna [Glavna.java:34] Program je uspješno pokrenut.
2020-11-09 21:10:01,124 INFO [main] h.j.c.m.Glavna [Glavna.java:46] Sve županije su uspješno unesene.
2020-11-09 21:10:11,188 INFO [main] h.j.c.m.Glavna [Glavna.java:52] Svi simptomi su uspješno uneseni.
2020-11-09 21:10:42,137 ERROR [main] h.j.c.m.Glavna [Glavna.java:65] Već je unesena bolest sa istim simptomima!
hr.java.covidportal.iznimke.BolestIstihSimptoma: Već ste unijeli bolest/virus sa istim simptomima! Pokušajte ponovo.
	at hr.java.covidportal.main.Glavna.provjeraSimptoma(Glavna.java:386)
	at hr.java.covidportal.main.Glavna.main(Glavna.java:60)
2020-11-09 21:10:48,398 INFO [main] h.j.c.m.Glavna [Glavna.java:69] Sve bolesti su uspješno unesene.
2020-11-09 21:47:15,512 INFO [main] h.j.c.m.Glavna [Glavna.java:30] Program je uspješno pokrenut.
2020-11-09 21:47:40,567 INFO [main] h.j.c.m.Glavna [Glavna.java:30] Program je uspješno pokrenut.
2020-11-09 21:48:03,182 INFO [main] h.j.c.m.Glavna [Glavna.java:46] Sve županije su uspješno unesene.
2020-11-09 21:48:51,172 INFO [main] h.j.c.m.Glavna [Glavna.java:56] Svi simptomi su uspješno uneseni.
2020-11-09 21:49:20,912 INFO [main] h.j.c.m.Glavna [Glavna.java:76] Sve bolesti su uspješno unesene.
2020-11-09 21:50:13,433 INFO [main] h.j.c.m.Glavna [Glavna.java:87] Sve osobe su uspješno unesene.
2020-11-10 13:20:38,321 INFO [main] h.j.c.m.Glavna [Glavna.java:30] Program je uspješno pokrenut.
2020-11-10 13:20:59,233 INFO [main] h.j.c.m.Glavna [Glavna.java:46] Sve županije su uspješno unesene.
2020-11-10 13:22:19,771 INFO [main] h.j.c.m.Glavna [Glavna.java:30] Program je uspješno pokrenut.
2020-11-10 13:22:36,859 INFO [main] h.j.c.m.Glavna [Glavna.java:46] Sve županije su uspješno unesene.
2020-11-10 13:23:04,068 INFO [main] h.j.c.m.Glavna [Glavna.java:56] Svi simptomi su uspješno uneseni.
2020-11-10 13:25:58,224 INFO [main] h.j.c.m.Glavna [Glavna.java:30] Program je uspješno pokrenut.
2020-11-10 13:25:59,519 INFO [main] h.j.c.m.Glavna [Glavna.java:30] Program je uspješno pokrenut.
2020-11-10 13:26:11,149 INFO [main] h.j.c.m.Glavna [Glavna.java:30] Program je uspješno pokrenut.
2020-11-10 13:26:25,996 INFO [main] h.j.c.m.Glavna [Glavna.java:46] Sve županije su uspješno unesene.
2020-11-10 13:26:46,437 INFO [main] h.j.c.m.Glavna [Glavna.java:56] Svi simptomi su uspješno uneseni.
2020-11-10 13:33:42,410 INFO [main] h.j.c.m.Glavna [Glavna.java:30] Program je uspješno pokrenut.
2020-11-10 13:33:59,872 INFO [main] h.j.c.m.Glavna [Glavna.java:46] Sve županije su uspješno unesene.
2020-11-10 13:35:02,330 INFO [main] h.j.c.m.Glavna [Glavna.java:30] Program je uspješno pokrenut.
2020-11-10 13:35:10,841 INFO [main] h.j.c.m.Glavna [Glavna.java:46] Sve županije su uspješno unesene.
2020-11-10 13:35:42,035 INFO [main] h.j.c.m.Glavna [Glavna.java:56] Svi simptomi su uspješno uneseni.
2020-11-10 13:36:53,081 INFO [main] h.j.c.m.Glavna [Glavna.java:30] Program je uspješno pokrenut.
2020-11-10 13:37:02,179 INFO [main] h.j.c.m.Glavna [Glavna.java:46] Sve županije su uspješno unesene.
2020-11-10 13:37:19,639 INFO [main] h.j.c.m.Glavna [Glavna.java:56] Svi simptomi su uspješno uneseni.
2020-11-10 13:39:11,089 INFO [main] h.j.c.m.Glavna [Glavna.java:30] Program je uspješno pokrenut.
2020-11-10 13:39:49,414 INFO [main] h.j.c.m.Glavna [Glavna.java:30] Program je uspješno pokrenut.
2020-11-10 13:40:02,950 INFO [main] h.j.c.m.Glavna [Glavna.java:46] Sve županije su uspješno unesene.
2020-11-10 13:41:28,971 INFO [main] h.j.c.m.Glavna [Glavna.java:30] Program je uspješno pokrenut.
2020-11-10 13:41:44,746 INFO [main] h.j.c.m.Glavna [Glavna.java:46] Sve županije su uspješno unesene.
2020-11-10 13:42:02,277 INFO [main] h.j.c.m.Glavna [Glavna.java:56] Svi simptomi su uspješno uneseni.
2020-11-10 13:42:22,268 INFO [main] h.j.c.m.Glavna [Glavna.java:76] Sve bolesti su uspješno unesene.
2020-11-10 13:42:38,432 INFO [main] h.j.c.m.Glavna [Glavna.java:87] Sve osobe su uspješno unesene.
2020-11-11 00:34:47,043 INFO [main] h.j.c.m.Glavna [Glavna.java:30] Program je uspješno pokrenut.
2020-11-11 00:35:26,283 INFO [main] h.j.c.m.Glavna [Glavna.java:30] Program je uspješno pokrenut.
2020-11-11 00:35:43,053 INFO [main] h.j.c.m.Glavna [Glavna.java:47] Sve županije su uspješno unesene.
2020-11-11 00:36:00,154 INFO [main] h.j.c.m.Glavna [Glavna.java:57] Svi simptomi su uspješno uneseni.
2020-11-11 00:36:26,033 INFO [main] h.j.c.m.Glavna [Glavna.java:77] Sve bolesti su uspješno unesene.
2020-11-11 00:39:25,765 INFO [main] h.j.c.m.Glavna [Glavna.java:30] Program je uspješno pokrenut.
2020-11-11 00:40:06,470 INFO [main] h.j.c.m.Glavna [Glavna.java:30] Program je uspješno pokrenut.
2020-11-11 00:40:14,546 INFO [main] h.j.c.m.Glavna [Glavna.java:30] Program je uspješno pokrenut.
2020-11-11 00:40:30,926 INFO [main] h.j.c.m.Glavna [Glavna.java:47] Sve županije su uspješno unesene.
2020-11-11 00:40:43,176 INFO [main] h.j.c.m.Glavna [Glavna.java:57] Svi simptomi su uspješno uneseni.
2020-11-11 00:41:00,935 INFO [main] h.j.c.m.Glavna [Glavna.java:77] Sve bolesti su uspješno unesene.
2020-11-11 00:41:51,656 INFO [main] h.j.c.m.Glavna [Glavna.java:88] Sve osobe su uspješno unesene.
2020-11-11 00:44:49,232 INFO [main] h.j.c.m.Glavna [Glavna.java:30] Program je uspješno pokrenut.
2020-11-11 00:44:50,552 INFO [main] h.j.c.m.Glavna [Glavna.java:30] Program je uspješno pokrenut.
2020-11-11 00:44:59,978 INFO [main] h.j.c.m.Glavna [Glavna.java:47] Sve županije su uspješno unesene.
2020-11-11 00:45:11,438 INFO [main] h.j.c.m.Glavna [Glavna.java:57] Svi simptomi su uspješno uneseni.
2020-11-11 00:45:23,448 INFO [main] h.j.c.m.Glavna [Glavna.java:77] Sve bolesti su uspješno unesene.
2020-11-11 00:45:56,038 INFO [main] h.j.c.m.Glavna [Glavna.java:88] Sve osobe su uspješno unesene.
2020-11-11 00:48:30,033 INFO [main] h.j.c.m.Glavna [Glavna.java:30] Program je uspješno pokrenut.
2020-11-11 00:48:50,019 INFO [main] h.j.c.m.Glavna [Glavna.java:47] Sve županije su uspješno unesene.
2020-11-11 00:49:02,070 INFO [main] h.j.c.m.Glavna [Glavna.java:57] Svi simptomi su uspješno uneseni.
2020-11-11 00:49:15,099 INFO [main] h.j.c.m.Glavna [Glavna.java:77] Sve bolesti su uspješno unesene.
2020-11-11 00:49:42,933 INFO [main] h.j.c.m.Glavna [Glavna.java:88] Sve osobe su uspješno unesene.
2020-11-11 00:50:32,093 INFO [main] h.j.c.m.Glavna [Glavna.java:30] Program je uspješno pokrenut.
2020-11-11 00:52:07,256 INFO [main] h.j.c.m.Glavna [Glavna.java:30] Program je uspješno pokrenut.
2020-11-11 00:52:18,032 INFO [main] h.j.c.m.Glavna [Glavna.java:30] Program je uspješno pokrenut.
2020-11-11 00:52:38,210 INFO [main] h.j.c.m.Glavna [Glavna.java:47] Sve županije su uspješno unesene.
2020-11-11 00:52:53,100 INFO [main] h.j.c.m.Glavna [Glavna.java:57] Svi simptomi su uspješno uneseni.
2020-11-11 00:53:03,991 INFO [main] h.j.c.m.Glavna [Glavna.java:77] Sve bolesti su uspješno unesene.
2020-11-11 00:53:32,321 INFO [main] h.j.c.m.Glavna [Glavna.java:88] Sve osobe su uspješno unesene.
2020-11-11 00:55:54,142 INFO [main] h.j.c.m.Glavna [Glavna.java:30] Program je uspješno pokrenut.
2020-11-11 00:56:12,644 INFO [main] h.j.c.m.Glavna [Glavna.java:47] Sve županije su uspješno unesene.
2020-11-11 00:56:32,652 INFO [main] h.j.c.m.Glavna [Glavna.java:57] Svi simptomi su uspješno uneseni.
2020-11-11 00:56:59,903 INFO [main] h.j.c.m.Glavna [Glavna.java:77] Sve bolesti su uspješno unesene.
2020-11-11 00:57:08,157 INFO [main] h.j.c.m.Glavna [Glavna.java:30] Program je uspješno pokrenut.
2020-11-11 00:57:17,368 INFO [main] h.j.c.m.Glavna [Glavna.java:30] Program je uspješno pokrenut.
2020-11-11 00:57:29,343 INFO [main] h.j.c.m.Glavna [Glavna.java:30] Program je uspješno pokrenut.
2020-11-11 00:57:44,923 INFO [main] h.j.c.m.Glavna [Glavna.java:47] Sve županije su uspješno unesene.
2020-11-11 00:57:55,973 INFO [main] h.j.c.m.Glavna [Glavna.java:57] Svi simptomi su uspješno uneseni.
2020-11-11 00:58:17,283 INFO [main] h.j.c.m.Glavna [Glavna.java:77] Sve bolesti su uspješno unesene.
2020-11-11 00:59:05,504 INFO [main] h.j.c.m.Glavna [Glavna.java:88] Sve osobe su uspješno unesene.
2020-11-11 00:59:51,124 INFO [main] h.j.c.m.Glavna [Glavna.java:30] Program je uspješno pokrenut.
2020-11-11 01:00:29,977 INFO [main] h.j.c.m.Glavna [Glavna.java:47] Sve županije su uspješno unesene.
2020-11-11 01:00:39,854 INFO [main] h.j.c.m.Glavna [Glavna.java:57] Svi simptomi su uspješno uneseni.
2020-11-11 01:00:56,944 INFO [main] h.j.c.m.Glavna [Glavna.java:77] Sve bolesti su uspješno unesene.
2020-11-11 01:01:26,394 INFO [main] h.j.c.m.Glavna [Glavna.java:88] Sve osobe su uspješno unesene.
2020-11-11 01:01:47,115 INFO [main] h.j.c.m.Glavna [Glavna.java:30] Program je uspješno pokrenut.
2020-11-11 01:01:52,734 INFO [main] h.j.c.m.Glavna [Glavna.java:47] Sve županije su uspješno unesene.
2020-11-11 01:02:05,442 INFO [main] h.j.c.m.Glavna [Glavna.java:57] Svi simptomi su uspješno uneseni.
2020-11-11 01:02:18,865 INFO [main] h.j.c.m.Glavna [Glavna.java:77] Sve bolesti su uspješno unesene.
2020-11-11 01:03:07,619 INFO [main] h.j.c.m.Glavna [Glavna.java:30] Program je uspješno pokrenut.
2020-11-11 01:03:14,860 INFO [main] h.j.c.m.Glavna [Glavna.java:30] Program je uspješno pokrenut.
2020-11-11 01:03:28,786 INFO [main] h.j.c.m.Glavna [Glavna.java:47] Sve županije su uspješno unesene.
2020-11-11 01:03:46,356 INFO [main] h.j.c.m.Glavna [Glavna.java:57] Svi simptomi su uspješno uneseni.
2020-11-11 01:04:02,606 INFO [main] h.j.c.m.Glavna [Glavna.java:77] Sve bolesti su uspješno unesene.
2020-11-11 01:04:35,116 INFO [main] h.j.c.m.Glavna [Glavna.java:88] Sve osobe su uspješno unesene.
2020-11-11 01:15:32,424 INFO [main] h.j.c.m.Glavna [Glavna.java:30] Program je uspješno pokrenut.
2020-11-11 01:15:42,231 ERROR [main] h.j.c.m.Glavna [Glavna.java:583] Pogreška kod unosa brojčane vrijednosti. Unesen je string koji se ne može parsirati.
java.util.InputMismatchException: null
	at java.base/java.util.Scanner.throwFor(Scanner.java:939)
	at java.base/java.util.Scanner.next(Scanner.java:1594)
	at java.base/java.util.Scanner.nextInt(Scanner.java:2258)
	at java.base/java.util.Scanner.nextInt(Scanner.java:2212)
	at hr.java.covidportal.main.Glavna.unesiZupaniju(Glavna.java:579)
	at hr.java.covidportal.main.Glavna.main(Glavna.java:45)
2020-11-11 01:24:52,382 INFO [main] h.j.c.m.Glavna [Glavna.java:30] Program je uspješno pokrenut.
2020-11-11 01:25:13,787 INFO [main] h.j.c.m.Glavna [Glavna.java:47] Sve županije su uspješno unesene.
2020-11-11 01:25:26,360 INFO [main] h.j.c.m.Glavna [Glavna.java:57] Svi simptomi su uspješno uneseni.
2020-11-11 01:25:38,192 INFO [main] h.j.c.m.Glavna [Glavna.java:77] Sve bolesti su uspješno unesene.
2020-11-11 01:26:10,828 INFO [main] h.j.c.m.Glavna [Glavna.java:88] Sve osobe su uspješno unesene.
2020-11-11 02:13:30,003 INFO [main] h.j.c.m.Glavna [Glavna.java:31] Program je uspješno pokrenut.
2020-11-11 02:13:57,528 INFO [main] h.j.c.m.Glavna [Glavna.java:48] Sve županije su uspješno unesene.
2020-11-11 02:14:57,162 INFO [main] h.j.c.m.Glavna [Glavna.java:31] Program je uspješno pokrenut.
2020-11-11 02:15:23,789 INFO [main] h.j.c.m.Glavna [Glavna.java:48] Sve županije su uspješno unesene.
2020-11-11 02:15:40,279 INFO [main] h.j.c.m.Glavna [Glavna.java:58] Svi simptomi su uspješno uneseni.
2020-11-11 02:16:06,300 INFO [main] h.j.c.m.Glavna [Glavna.java:78] Sve bolesti su uspješno unesene.
2020-11-11 02:16:36,850 INFO [main] h.j.c.m.Glavna [Glavna.java:89] Sve osobe su uspješno unesene.
2020-11-11 02:19:11,621 INFO [main] h.j.c.m.Glavna [Glavna.java:34] Program je uspješno pokrenut.
2020-11-11 02:19:59,914 INFO [main] h.j.c.m.Glavna [Glavna.java:51] Sve županije su uspješno unesene.
2020-11-11 02:20:14,843 INFO [main] h.j.c.m.Glavna [Glavna.java:61] Svi simptomi su uspješno uneseni.
2020-11-11 02:20:31,259 INFO [main] h.j.c.m.Glavna [Glavna.java:81] Sve bolesti su uspješno unesene.
2020-11-11 02:21:07,717 INFO [main] h.j.c.m.Glavna [Glavna.java:92] Sve osobe su uspješno unesene.
2020-11-11 02:39:14,882 INFO [main] h.j.c.m.Glavna [Glavna.java:34] Program je uspješno pokrenut.
2020-11-11 02:39:28,866 INFO [main] h.j.c.m.Glavna [Glavna.java:51] Sve županije su uspješno unesene.
2020-11-11 02:39:32,460 INFO [main] h.j.c.m.Glavna [Glavna.java:61] Svi simptomi su uspješno uneseni.
2020-11-11 02:39:36,961 INFO [main] h.j.c.m.Glavna [Glavna.java:81] Sve bolesti su uspješno unesene.
2020-11-11 02:39:47,596 INFO [main] h.j.c.m.Glavna [Glavna.java:34] Program je uspješno pokrenut.
2020-11-11 02:39:50,659 INFO [main] h.j.c.m.Glavna [Glavna.java:51] Sve županije su uspješno unesene.
2020-11-11 02:39:54,621 INFO [main] h.j.c.m.Glavna [Glavna.java:61] Svi simptomi su uspješno uneseni.
2020-11-11 02:39:55,367 INFO [main] h.j.c.m.Glavna [Glavna.java:81] Sve bolesti su uspješno unesene.
2020-11-11 02:39:56,060 INFO [main] h.j.c.m.Glavna [Glavna.java:92] Sve osobe su uspješno unesene.
2020-11-11 02:40:02,694 INFO [main] h.j.c.m.Glavna [Glavna.java:34] Program je uspješno pokrenut.
2020-11-11 02:40:05,928 INFO [main] h.j.c.m.Glavna [Glavna.java:51] Sve županije su uspješno unesene.
2020-11-11 02:40:13,580 INFO [main] h.j.c.m.Glavna [Glavna.java:61] Svi simptomi su uspješno uneseni.
2020-11-11 02:40:20,358 INFO [main] h.j.c.m.Glavna [Glavna.java:81] Sve bolesti su uspješno unesene.
2020-11-11 02:40:57,777 INFO [main] h.j.c.m.Glavna [Glavna.java:92] Sve osobe su uspješno unesene.
2020-11-11 02:45:39,178 INFO [main] h.j.c.m.Glavna [Glavna.java:34] Program je uspješno pokrenut.
2020-11-11 02:45:48,237 INFO [main] h.j.c.m.Glavna [Glavna.java:51] Sve županije su uspješno unesene.
2020-11-11 02:45:56,799 INFO [main] h.j.c.m.Glavna [Glavna.java:61] Svi simptomi su uspješno uneseni.
2020-11-11 02:46:00,703 INFO [main] h.j.c.m.Glavna [Glavna.java:81] Sve bolesti su uspješno unesene.
2020-11-11 02:46:14,645 ERROR [main] h.j.c.m.Glavna [Glavna.java:237] Unio se indeks kontakta koji je veći od najvećeg indeksa kontaktiranih osoba
hr.java.covidportal.iznimke.PrevelikIndeksKontakta: Unijeli ste prevelik indeks za kontaktiranu osobu! Pokušajte ponovo.
	at hr.java.covidportal.main.Glavna.provjeraIndeksa(Glavna.java:276)
	at hr.java.covidportal.main.Glavna.odaberiKontakte(Glavna.java:234)
	at hr.java.covidportal.main.Glavna.unesiOsobu(Glavna.java:161)
	at hr.java.covidportal.main.Glavna.main(Glavna.java:89)
2020-11-11 02:46:16,151 ERROR [main] h.j.c.m.Glavna [Glavna.java:241] Unio se indeks kontakta koji je manji od najmanjeg indeksa kontaktiranih osoba
hr.java.covidportal.iznimke.PremalenIndeksKontakta: Unijeli ste premalen indeks za kontaktiranu osobu! Pokušajte ponovo.
	at hr.java.covidportal.main.Glavna.provjeraIndeksa(Glavna.java:279)
	at hr.java.covidportal.main.Glavna.odaberiKontakte(Glavna.java:234)
	at hr.java.covidportal.main.Glavna.unesiOsobu(Glavna.java:161)
	at hr.java.covidportal.main.Glavna.main(Glavna.java:89)
2020-11-11 02:46:27,930 ERROR [main] h.j.c.m.Glavna [Glavna.java:237] Unio se indeks kontakta koji je veći od najvećeg indeksa kontaktiranih osoba
hr.java.covidportal.iznimke.PrevelikIndeksKontakta: Unijeli ste prevelik indeks za kontaktiranu osobu! Pokušajte ponovo.
	at hr.java.covidportal.main.Glavna.provjeraIndeksa(Glavna.java:276)
	at hr.java.covidportal.main.Glavna.odaberiKontakte(Glavna.java:234)
	at hr.java.covidportal.main.Glavna.unesiOsobu(Glavna.java:161)
	at hr.java.covidportal.main.Glavna.main(Glavna.java:89)
2020-11-11 02:46:28,216 ERROR [main] h.j.c.m.Glavna [Glavna.java:237] Unio se indeks kontakta koji je veći od najvećeg indeksa kontaktiranih osoba
hr.java.covidportal.iznimke.PrevelikIndeksKontakta: Unijeli ste prevelik indeks za kontaktiranu osobu! Pokušajte ponovo.
	at hr.java.covidportal.main.Glavna.provjeraIndeksa(Glavna.java:276)
	at hr.java.covidportal.main.Glavna.odaberiKontakte(Glavna.java:234)
	at hr.java.covidportal.main.Glavna.unesiOsobu(Glavna.java:161)
	at hr.java.covidportal.main.Glavna.main(Glavna.java:89)
2020-11-11 02:46:28,549 ERROR [main] h.j.c.m.Glavna [Glavna.java:237] Unio se indeks kontakta koji je veći od najvećeg indeksa kontaktiranih osoba
hr.java.covidportal.iznimke.PrevelikIndeksKontakta: Unijeli ste prevelik indeks za kontaktiranu osobu! Pokušajte ponovo.
	at hr.java.covidportal.main.Glavna.provjeraIndeksa(Glavna.java:276)
	at hr.java.covidportal.main.Glavna.odaberiKontakte(Glavna.java:234)
	at hr.java.covidportal.main.Glavna.unesiOsobu(Glavna.java:161)
	at hr.java.covidportal.main.Glavna.main(Glavna.java:89)
2020-11-11 02:46:31,877 ERROR [main] h.j.c.m.Glavna [Glavna.java:241] Unio se indeks kontakta koji je manji od najmanjeg indeksa kontaktiranih osoba
hr.java.covidportal.iznimke.PremalenIndeksKontakta: Unijeli ste premalen indeks za kontaktiranu osobu! Pokušajte ponovo.
	at hr.java.covidportal.main.Glavna.provjeraIndeksa(Glavna.java:279)
	at hr.java.covidportal.main.Glavna.odaberiKontakte(Glavna.java:234)
	at hr.java.covidportal.main.Glavna.unesiOsobu(Glavna.java:161)
	at hr.java.covidportal.main.Glavna.main(Glavna.java:89)
2020-11-11 02:46:32,910 INFO [main] h.j.c.m.Glavna [Glavna.java:92] Sve osobe su uspješno unesene.
2020-11-12 01:33:44,410 INFO [main] h.j.c.m.Glavna [Glavna.java:34] Program je uspješno pokrenut.
2020-11-12 01:34:05,413 INFO [main] h.j.c.m.Glavna [Glavna.java:51] Sve županije su uspješno unesene.
2020-11-12 01:34:16,272 INFO [main] h.j.c.m.Glavna [Glavna.java:61] Svi simptomi su uspješno uneseni.
2020-11-12 01:34:30,793 INFO [main] h.j.c.m.Glavna [Glavna.java:34] Program je uspješno pokrenut.
2020-11-12 01:34:39,289 INFO [main] h.j.c.m.Glavna [Glavna.java:51] Sve županije su uspješno unesene.
2020-11-12 01:34:52,925 INFO [main] h.j.c.m.Glavna [Glavna.java:61] Svi simptomi su uspješno uneseni.
2020-11-12 01:38:08,932 INFO [main] h.j.c.m.Glavna [Glavna.java:34] Program je uspješno pokrenut.
2020-11-12 01:38:17,163 ERROR [main] h.j.c.m.Glavna [Glavna.java:611] Pogreška kod unosa brojčane vrijednosti. Unesen je string koji se ne može parsirati.
java.util.InputMismatchException: null
	at java.base/java.util.Scanner.throwFor(Scanner.java:939)
	at java.base/java.util.Scanner.next(Scanner.java:1594)
	at java.base/java.util.Scanner.nextInt(Scanner.java:2258)
	at java.base/java.util.Scanner.nextInt(Scanner.java:2212)
	at hr.java.covidportal.main.Glavna.unesiZupaniju(Glavna.java:607)
	at hr.java.covidportal.main.Glavna.main(Glavna.java:49)
2020-11-12 01:38:33,211 INFO [main] h.j.c.m.Glavna [Glavna.java:51] Sve županije su uspješno unesene.
2020-11-12 01:38:49,318 INFO [main] h.j.c.m.Glavna [Glavna.java:61] Svi simptomi su uspješno uneseni.
2020-11-12 01:40:03,569 ERROR [main] h.j.c.m.Glavna [Glavna.java:77] Već je unesena bolest sa istim simptomima!
hr.java.covidportal.iznimke.BolestIstihSimptoma: Već ste unijeli bolest/virus sa istim simptomima! Pokušajte ponovo.
	at hr.java.covidportal.main.Glavna.provjeraSimptoma(Glavna.java:452)
	at hr.java.covidportal.main.Glavna.main(Glavna.java:73)
2020-11-12 01:40:16,595 ERROR [main] h.j.c.m.Glavna [Glavna.java:77] Već je unesena bolest sa istim simptomima!
hr.java.covidportal.iznimke.BolestIstihSimptoma: Već ste unijeli bolest/virus sa istim simptomima! Pokušajte ponovo.
	at hr.java.covidportal.main.Glavna.provjeraSimptoma(Glavna.java:452)
	at hr.java.covidportal.main.Glavna.main(Glavna.java:73)
2020-11-12 01:40:30,514 INFO [main] h.j.c.m.Glavna [Glavna.java:34] Program je uspješno pokrenut.
2020-11-12 01:40:43,578 INFO [main] h.j.c.m.Glavna [Glavna.java:51] Sve županije su uspješno unesene.
2020-11-12 01:40:59,552 INFO [main] h.j.c.m.Glavna [Glavna.java:61] Svi simptomi su uspješno uneseni.
2020-11-12 01:41:23,511 ERROR [main] h.j.c.m.Glavna [Glavna.java:77] Već je unesena bolest sa istim simptomima!
hr.java.covidportal.iznimke.BolestIstihSimptoma: Već ste unijeli bolest/virus sa istim simptomima! Pokušajte ponovo.
	at hr.java.covidportal.main.Glavna.provjeraSimptoma(Glavna.java:452)
	at hr.java.covidportal.main.Glavna.main(Glavna.java:73)
2020-11-12 01:41:27,015 ERROR [main] h.j.c.m.Glavna [Glavna.java:77] Već je unesena bolest sa istim simptomima!
hr.java.covidportal.iznimke.BolestIstihSimptoma: Već ste unijeli bolest/virus sa istim simptomima! Pokušajte ponovo.
	at hr.java.covidportal.main.Glavna.provjeraSimptoma(Glavna.java:452)
	at hr.java.covidportal.main.Glavna.main(Glavna.java:73)
2020-11-12 01:41:42,277 ERROR [main] h.j.c.m.Glavna [Glavna.java:77] Već je unesena bolest sa istim simptomima!
hr.java.covidportal.iznimke.BolestIstihSimptoma: Već ste unijeli bolest/virus sa istim simptomima! Pokušajte ponovo.
	at hr.java.covidportal.main.Glavna.provjeraSimptoma(Glavna.java:452)
	at hr.java.covidportal.main.Glavna.main(Glavna.java:73)
2020-11-12 01:41:51,026 ERROR [main] h.j.c.m.Glavna [Glavna.java:77] Već je unesena bolest sa istim simptomima!
hr.java.covidportal.iznimke.BolestIstihSimptoma: Već ste unijeli bolest/virus sa istim simptomima! Pokušajte ponovo.
	at hr.java.covidportal.main.Glavna.provjeraSimptoma(Glavna.java:452)
	at hr.java.covidportal.main.Glavna.main(Glavna.java:73)
2020-11-12 01:41:54,217 ERROR [main] h.j.c.m.Glavna [Glavna.java:77] Već je unesena bolest sa istim simptomima!
hr.java.covidportal.iznimke.BolestIstihSimptoma: Već ste unijeli bolest/virus sa istim simptomima! Pokušajte ponovo.
	at hr.java.covidportal.main.Glavna.provjeraSimptoma(Glavna.java:452)
	at hr.java.covidportal.main.Glavna.main(Glavna.java:73)
2020-11-12 01:46:39,463 INFO [main] h.j.c.m.Glavna [Glavna.java:34] Program je uspješno pokrenut.
2020-11-12 01:46:44,748 INFO [main] h.j.c.m.Glavna [Glavna.java:51] Sve županije su uspješno unesene.
2020-11-12 01:46:55,356 INFO [main] h.j.c.m.Glavna [Glavna.java:61] Svi simptomi su uspješno uneseni.
2020-11-12 01:49:08,162 INFO [main] h.j.c.m.Glavna [Glavna.java:34] Program je uspješno pokrenut.
2020-11-12 01:49:11,825 INFO [main] h.j.c.m.Glavna [Glavna.java:51] Sve županije su uspješno unesene.
2020-11-12 01:49:21,971 INFO [main] h.j.c.m.Glavna [Glavna.java:61] Svi simptomi su uspješno uneseni.
2020-11-12 01:49:49,103 INFO [main] h.j.c.m.Glavna [Glavna.java:34] Program je uspješno pokrenut.
2020-11-12 01:50:13,250 INFO [main] h.j.c.m.Glavna [Glavna.java:51] Sve županije su uspješno unesene.
2020-11-12 01:50:24,793 INFO [main] h.j.c.m.Glavna [Glavna.java:61] Svi simptomi su uspješno uneseni.
2020-11-12 01:50:36,997 ERROR [main] h.j.c.m.Glavna [Glavna.java:77] Već je unesena bolest sa istim simptomima!
hr.java.covidportal.iznimke.BolestIstihSimptoma: Već ste unijeli bolest/virus sa istim simptomima! Pokušajte ponovo.
	at hr.java.covidportal.main.Glavna.provjeraSimptoma(Glavna.java:452)
	at hr.java.covidportal.main.Glavna.main(Glavna.java:73)
2020-11-12 01:50:42,612 INFO [main] h.j.c.m.Glavna [Glavna.java:34] Program je uspješno pokrenut.
2020-11-12 01:50:46,956 INFO [main] h.j.c.m.Glavna [Glavna.java:51] Sve županije su uspješno unesene.
2020-11-12 01:50:58,960 INFO [main] h.j.c.m.Glavna [Glavna.java:61] Svi simptomi su uspješno uneseni.
2020-11-12 01:51:36,156 INFO [main] h.j.c.m.Glavna [Glavna.java:34] Program je uspješno pokrenut.
2020-11-12 01:51:45,706 INFO [main] h.j.c.m.Glavna [Glavna.java:34] Program je uspješno pokrenut.
2020-11-12 01:51:54,296 INFO [main] h.j.c.m.Glavna [Glavna.java:34] Program je uspješno pokrenut.
2020-11-12 01:52:04,533 INFO [main] h.j.c.m.Glavna [Glavna.java:34] Program je uspješno pokrenut.
2020-11-12 01:52:07,790 INFO [main] h.j.c.m.Glavna [Glavna.java:51] Sve županije su uspješno unesene.
2020-11-12 01:52:19,003 INFO [main] h.j.c.m.Glavna [Glavna.java:61] Svi simptomi su uspješno uneseni.
2020-11-12 01:56:45,488 INFO [main] h.j.c.m.Glavna [Glavna.java:34] Program je uspješno pokrenut.
2020-11-12 01:56:50,860 INFO [main] h.j.c.m.Glavna [Glavna.java:51] Sve županije su uspješno unesene.
2020-11-12 01:57:02,085 INFO [main] h.j.c.m.Glavna [Glavna.java:61] Svi simptomi su uspješno uneseni.
2020-11-12 01:59:19,106 INFO [main] h.j.c.m.Glavna [Glavna.java:34] Program je uspješno pokrenut.
2020-11-12 01:59:29,877 INFO [main] h.j.c.m.Glavna [Glavna.java:51] Sve županije su uspješno unesene.
2020-11-12 01:59:41,078 INFO [main] h.j.c.m.Glavna [Glavna.java:61] Svi simptomi su uspješno uneseni.
2020-11-12 02:12:15,888 INFO [main] h.j.c.m.Glavna [Glavna.java:34] Program je uspješno pokrenut.
2020-11-12 02:12:18,440 INFO [main] h.j.c.m.Glavna [Glavna.java:51] Sve županije su uspješno unesene.
2020-11-12 02:12:29,920 INFO [main] h.j.c.m.Glavna [Glavna.java:61] Svi simptomi su uspješno uneseni.
2020-11-12 02:25:10,177 INFO [main] h.j.c.m.Glavna [Glavna.java:34] Program je uspješno pokrenut.
2020-11-12 02:25:21,934 INFO [main] h.j.c.m.Glavna [Glavna.java:51] Sve županije su uspješno unesene.
2020-11-12 02:25:35,730 INFO [main] h.j.c.m.Glavna [Glavna.java:61] Svi simptomi su uspješno uneseni.
2020-11-12 02:26:12,510 INFO [main] h.j.c.m.Glavna [Glavna.java:81] Sve bolesti su uspješno unesene.
2020-11-12 02:27:12,051 INFO [main] h.j.c.m.Glavna [Glavna.java:34] Program je uspješno pokrenut.
2020-11-12 02:27:14,256 INFO [main] h.j.c.m.Glavna [Glavna.java:51] Sve županije su uspješno unesene.
2020-11-12 02:27:27,660 INFO [main] h.j.c.m.Glavna [Glavna.java:61] Svi simptomi su uspješno uneseni.
2020-11-12 02:30:13,819 INFO [main] h.j.c.m.Glavna [Glavna.java:81] Sve bolesti su uspješno unesene.
2020-11-12 02:30:33,357 INFO [main] h.j.c.m.Glavna [Glavna.java:34] Program je uspješno pokrenut.
2020-11-12 02:30:35,565 INFO [main] h.j.c.m.Glavna [Glavna.java:51] Sve županije su uspješno unesene.
2020-11-12 02:30:47,581 INFO [main] h.j.c.m.Glavna [Glavna.java:61] Svi simptomi su uspješno uneseni.
2020-11-12 02:31:53,176 INFO [main] h.j.c.m.Glavna [Glavna.java:34] Program je uspješno pokrenut.
2020-11-12 02:31:58,498 INFO [main] h.j.c.m.Glavna [Glavna.java:34] Program je uspješno pokrenut.
2020-11-12 02:32:00,900 INFO [main] h.j.c.m.Glavna [Glavna.java:51] Sve županije su uspješno unesene.
2020-11-12 02:32:12,048 INFO [main] h.j.c.m.Glavna [Glavna.java:61] Svi simptomi su uspješno uneseni.
2020-11-12 02:32:17,933 ERROR [main] h.j.c.m.Glavna [Glavna.java:77] Već je unesena bolest sa istim simptomima!
hr.java.covidportal.iznimke.BolestIstihSimptoma: Već ste unijeli bolest/virus sa istim simptomima! Pokušajte ponovo.
	at hr.java.covidportal.main.Glavna.provjeraSimptoma(Glavna.java:430)
	at hr.java.covidportal.main.Glavna.main(Glavna.java:73)
2020-11-12 02:32:29,508 INFO [main] h.j.c.m.Glavna [Glavna.java:34] Program je uspješno pokrenut.
2020-11-12 02:33:21,312 INFO [main] h.j.c.m.Glavna [Glavna.java:34] Program je uspješno pokrenut.
2020-11-12 02:33:26,858 INFO [main] h.j.c.m.Glavna [Glavna.java:51] Sve županije su uspješno unesene.
2020-11-12 02:33:41,795 INFO [main] h.j.c.m.Glavna [Glavna.java:61] Svi simptomi su uspješno uneseni.
2020-11-12 02:33:54,277 ERROR [main] h.j.c.m.Glavna [Glavna.java:77] Već je unesena bolest sa istim simptomima!
hr.java.covidportal.iznimke.BolestIstihSimptoma: Već ste unijeli bolest/virus sa istim simptomima! Pokušajte ponovo.
	at hr.java.covidportal.main.Glavna.provjeraSimptoma(Glavna.java:430)
	at hr.java.covidportal.main.Glavna.main(Glavna.java:73)
2020-11-12 02:35:14,429 INFO [main] h.j.c.m.Glavna [Glavna.java:34] Program je uspješno pokrenut.
2020-11-12 02:35:31,381 ERROR [main] h.j.c.m.Glavna [Glavna.java:601] Pogreška kod unosa brojčane vrijednosti. Unesen je string koji se ne može parsirati.
java.util.InputMismatchException: null
	at java.base/java.util.Scanner.throwFor(Scanner.java:939)
	at java.base/java.util.Scanner.next(Scanner.java:1594)
	at java.base/java.util.Scanner.nextInt(Scanner.java:2258)
	at java.base/java.util.Scanner.nextInt(Scanner.java:2212)
	at hr.java.covidportal.main.Glavna.unesiZupaniju(Glavna.java:597)
	at hr.java.covidportal.main.Glavna.main(Glavna.java:49)
2020-11-12 02:35:47,587 INFO [main] h.j.c.m.Glavna [Glavna.java:51] Sve županije su uspješno unesene.
2020-11-12 02:35:59,782 INFO [main] h.j.c.m.Glavna [Glavna.java:61] Svi simptomi su uspješno uneseni.
2020-11-12 02:37:01,160 INFO [main] h.j.c.m.Glavna [Glavna.java:34] Program je uspješno pokrenut.
2020-11-12 02:37:04,257 INFO [main] h.j.c.m.Glavna [Glavna.java:51] Sve županije su uspješno unesene.
2020-11-12 02:37:11,411 INFO [main] h.j.c.m.Glavna [Glavna.java:34] Program je uspješno pokrenut.
2020-11-12 02:37:31,534 INFO [main] h.j.c.m.Glavna [Glavna.java:51] Sve županije su uspješno unesene.
2020-11-12 02:37:43,964 INFO [main] h.j.c.m.Glavna [Glavna.java:61] Svi simptomi su uspješno uneseni.
2020-11-12 02:38:16,235 ERROR [main] h.j.c.m.Glavna [Glavna.java:77] Već je unesena bolest sa istim simptomima!
hr.java.covidportal.iznimke.BolestIstihSimptoma: Već ste unijeli bolest/virus sa istim simptomima! Pokušajte ponovo.
	at hr.java.covidportal.main.Glavna.provjeraSimptoma(Glavna.java:430)
	at hr.java.covidportal.main.Glavna.main(Glavna.java:73)
2020-11-12 03:03:56,970 INFO [main] h.j.c.m.Glavna [Glavna.java:35] Program je uspješno pokrenut.
2020-11-12 03:04:00,815 INFO [main] h.j.c.m.Glavna [Glavna.java:52] Sve županije su uspješno unesene.
2020-11-12 03:04:09,403 INFO [main] h.j.c.m.Glavna [Glavna.java:35] Program je uspješno pokrenut.
2020-11-12 03:04:14,684 INFO [main] h.j.c.m.Glavna [Glavna.java:52] Sve županije su uspješno unesene.
2020-11-12 03:04:27,395 INFO [main] h.j.c.m.Glavna [Glavna.java:62] Svi simptomi su uspješno uneseni.
2020-11-12 03:04:49,651 INFO [main] h.j.c.m.Glavna [Glavna.java:84] Sve bolesti su uspješno unesene.
2020-11-12 03:12:20,460 INFO [main] h.j.c.m.Glavna [Glavna.java:35] Program je uspješno pokrenut.
2020-11-12 03:12:33,367 INFO [main] h.j.c.m.Glavna [Glavna.java:52] Sve županije su uspješno unesene.
2020-11-12 03:12:51,568 INFO [main] h.j.c.m.Glavna [Glavna.java:62] Svi simptomi su uspješno uneseni.
2020-11-12 03:13:00,171 INFO [main] h.j.c.m.Glavna [Glavna.java:35] Program je uspješno pokrenut.
2020-11-12 03:13:02,344 INFO [main] h.j.c.m.Glavna [Glavna.java:52] Sve županije su uspješno unesene.
2020-11-12 03:13:13,677 INFO [main] h.j.c.m.Glavna [Glavna.java:62] Svi simptomi su uspješno uneseni.
2020-11-12 03:13:33,779 INFO [main] h.j.c.m.Glavna [Glavna.java:84] Sve bolesti su uspješno unesene.
2020-11-12 03:19:39,407 INFO [main] h.j.c.m.Glavna [Glavna.java:35] Program je uspješno pokrenut.
2020-11-12 03:19:41,604 INFO [main] h.j.c.m.Glavna [Glavna.java:52] Sve županije su uspješno unesene.
2020-11-12 03:19:52,481 INFO [main] h.j.c.m.Glavna [Glavna.java:62] Svi simptomi su uspješno uneseni.
2020-11-12 03:24:31,834 INFO [main] h.j.c.m.Glavna [Glavna.java:35] Program je uspješno pokrenut.
2020-11-12 03:24:34,117 INFO [main] h.j.c.m.Glavna [Glavna.java:52] Sve županije su uspješno unesene.
2020-11-12 03:24:48,945 INFO [main] h.j.c.m.Glavna [Glavna.java:62] Svi simptomi su uspješno uneseni.
2020-11-12 03:25:24,798 INFO [main] h.j.c.m.Glavna [Glavna.java:35] Program je uspješno pokrenut.
2020-11-12 03:25:26,791 INFO [main] h.j.c.m.Glavna [Glavna.java:52] Sve županije su uspješno unesene.
2020-11-12 03:25:41,222 INFO [main] h.j.c.m.Glavna [Glavna.java:62] Svi simptomi su uspješno uneseni.
2020-11-12 03:28:46,415 INFO [main] h.j.c.m.Glavna [Glavna.java:35] Program je uspješno pokrenut.
2020-11-12 03:28:48,477 INFO [main] h.j.c.m.Glavna [Glavna.java:52] Sve županije su uspješno unesene.
2020-11-12 03:29:02,866 INFO [main] h.j.c.m.Glavna [Glavna.java:62] Svi simptomi su uspješno uneseni.
2020-11-12 03:29:34,698 INFO [main] h.j.c.m.Glavna [Glavna.java:84] Sve bolesti su uspješno unesene.
2020-11-12 03:30:59,693 INFO [main] h.j.c.m.Glavna [Glavna.java:35] Program je uspješno pokrenut.
2020-11-12 03:31:03,475 INFO [main] h.j.c.m.Glavna [Glavna.java:52] Sve županije su uspješno unesene.
2020-11-12 03:31:14,682 INFO [main] h.j.c.m.Glavna [Glavna.java:62] Svi simptomi su uspješno uneseni.
2020-11-12 03:31:28,852 ERROR [main] h.j.c.m.Glavna [Glavna.java:80] Već je unesena bolest sa istim simptomima!
hr.java.covidportal.iznimke.BolestIstihSimptoma: Već ste unijeli bolest/virus sa istim simptomima! Pokušajte ponovo.
	at hr.java.covidportal.main.Glavna.provjeraSimptoma(Glavna.java:432)
	at hr.java.covidportal.main.Glavna.main(Glavna.java:76)
2020-11-12 03:31:34,312 ERROR [main] h.j.c.m.Glavna [Glavna.java:80] Već je unesena bolest sa istim simptomima!
hr.java.covidportal.iznimke.BolestIstihSimptoma: Već ste unijeli bolest/virus sa istim simptomima! Pokušajte ponovo.
	at hr.java.covidportal.main.Glavna.provjeraSimptoma(Glavna.java:446)
	at hr.java.covidportal.main.Glavna.main(Glavna.java:76)
2020-11-12 03:32:11,121 INFO [main] h.j.c.m.Glavna [Glavna.java:84] Sve bolesti su uspješno unesene.
2020-11-12 03:32:16,426 INFO [main] h.j.c.m.Glavna [Glavna.java:35] Program je uspješno pokrenut.
2020-11-12 03:33:34,954 INFO [main] h.j.c.m.Glavna [Glavna.java:35] Program je uspješno pokrenut.
2020-11-12 03:33:39,431 INFO [main] h.j.c.m.Glavna [Glavna.java:52] Sve županije su uspješno unesene.
2020-11-12 03:33:46,535 INFO [main] h.j.c.m.Glavna [Glavna.java:35] Program je uspješno pokrenut.
2020-11-12 03:33:48,554 INFO [main] h.j.c.m.Glavna [Glavna.java:52] Sve županije su uspješno unesene.
2020-11-12 03:33:58,955 INFO [main] h.j.c.m.Glavna [Glavna.java:62] Svi simptomi su uspješno uneseni.
2020-11-12 03:35:11,873 ERROR [main] h.j.c.m.Glavna [Glavna.java:80] Već je unesena bolest sa istim simptomima!
hr.java.covidportal.iznimke.BolestIstihSimptoma: Već ste unijeli bolest/virus sa istim simptomima! Pokušajte ponovo.
	at hr.java.covidportal.main.Glavna.provjeraSimptoma(Glavna.java:432)
	at hr.java.covidportal.main.Glavna.main(Glavna.java:76)
2020-11-12 03:35:31,077 INFO [main] h.j.c.m.Glavna [Glavna.java:35] Program je uspješno pokrenut.
2020-11-12 03:35:38,029 INFO [main] h.j.c.m.Glavna [Glavna.java:52] Sve županije su uspješno unesene.
2020-11-12 03:35:50,793 INFO [main] h.j.c.m.Glavna [Glavna.java:62] Svi simptomi su uspješno uneseni.
2020-11-12 03:36:08,431 INFO [main] h.j.c.m.Glavna [Glavna.java:35] Program je uspješno pokrenut.
2020-11-12 03:36:22,644 INFO [main] h.j.c.m.Glavna [Glavna.java:35] Program je uspješno pokrenut.
2020-11-12 03:36:27,601 INFO [main] h.j.c.m.Glavna [Glavna.java:52] Sve županije su uspješno unesene.
2020-11-12 03:36:38,155 INFO [main] h.j.c.m.Glavna [Glavna.java:62] Svi simptomi su uspješno uneseni.
2020-11-12 03:37:32,574 ERROR [main] h.j.c.m.Glavna [Glavna.java:80] Već je unesena bolest sa istim simptomima!
hr.java.covidportal.iznimke.BolestIstihSimptoma: Već ste unijeli bolest/virus sa istim simptomima! Pokušajte ponovo.
	at hr.java.covidportal.main.Glavna.provjeraSimptoma(Glavna.java:432)
	at hr.java.covidportal.main.Glavna.main(Glavna.java:76)
2020-11-12 03:38:46,087 INFO [main] h.j.c.m.Glavna [Glavna.java:35] Program je uspješno pokrenut.
2020-11-12 03:38:49,078 INFO [main] h.j.c.m.Glavna [Glavna.java:52] Sve županije su uspješno unesene.
2020-11-12 03:39:00,596 INFO [main] h.j.c.m.Glavna [Glavna.java:62] Svi simptomi su uspješno uneseni.
2020-11-12 03:39:07,935 INFO [main] h.j.c.m.Glavna [Glavna.java:35] Program je uspješno pokrenut.
2020-11-12 03:39:12,703 INFO [main] h.j.c.m.Glavna [Glavna.java:52] Sve županije su uspješno unesene.
2020-11-12 03:39:23,050 INFO [main] h.j.c.m.Glavna [Glavna.java:62] Svi simptomi su uspješno uneseni.
2020-11-12 03:39:53,492 ERROR [main] h.j.c.m.Glavna [Glavna.java:80] Već je unesena bolest sa istim simptomima!
hr.java.covidportal.iznimke.BolestIstihSimptoma: Već ste unijeli bolest/virus sa istim simptomima! Pokušajte ponovo.
	at hr.java.covidportal.main.Glavna.provjeraSimptoma(Glavna.java:432)
	at hr.java.covidportal.main.Glavna.main(Glavna.java:76)
2020-11-12 03:40:31,667 ERROR [main] h.j.c.m.Glavna [Glavna.java:80] Već je unesena bolest sa istim simptomima!
hr.java.covidportal.iznimke.BolestIstihSimptoma: Već ste unijeli bolest/virus sa istim simptomima! Pokušajte ponovo.
	at hr.java.covidportal.main.Glavna.provjeraSimptoma(Glavna.java:432)
	at hr.java.covidportal.main.Glavna.main(Glavna.java:76)
2020-11-12 03:42:58,631 ERROR [main] h.j.c.m.Glavna [Glavna.java:80] Već je unesena bolest sa istim simptomima!
hr.java.covidportal.iznimke.BolestIstihSimptoma: Već ste unijeli bolest/virus sa istim simptomima! Pokušajte ponovo.
	at hr.java.covidportal.main.Glavna.provjeraSimptoma(Glavna.java:446)
	at hr.java.covidportal.main.Glavna.main(Glavna.java:76)
2020-11-12 03:43:06,853 INFO [main] h.j.c.m.Glavna [Glavna.java:35] Program je uspješno pokrenut.
2020-11-12 03:43:09,160 INFO [main] h.j.c.m.Glavna [Glavna.java:52] Sve županije su uspješno unesene.
2020-11-12 03:43:21,199 INFO [main] h.j.c.m.Glavna [Glavna.java:62] Svi simptomi su uspješno uneseni.
2020-11-12 03:43:29,702 ERROR [main] h.j.c.m.Glavna [Glavna.java:80] Već je unesena bolest sa istim simptomima!
hr.java.covidportal.iznimke.BolestIstihSimptoma: Već ste unijeli bolest/virus sa istim simptomima! Pokušajte ponovo.
	at hr.java.covidportal.main.Glavna.provjeraSimptoma(Glavna.java:446)
	at hr.java.covidportal.main.Glavna.main(Glavna.java:76)
2020-11-12 03:43:40,346 ERROR [main] h.j.c.m.Glavna [Glavna.java:80] Već je unesena bolest sa istim simptomima!
hr.java.covidportal.iznimke.BolestIstihSimptoma: Već ste unijeli bolest/virus sa istim simptomima! Pokušajte ponovo.
	at hr.java.covidportal.main.Glavna.provjeraSimptoma(Glavna.java:446)
	at hr.java.covidportal.main.Glavna.main(Glavna.java:76)
2020-11-12 03:43:48,235 ERROR [main] h.j.c.m.Glavna [Glavna.java:80] Već je unesena bolest sa istim simptomima!
hr.java.covidportal.iznimke.BolestIstihSimptoma: Već ste unijeli bolest/virus sa istim simptomima! Pokušajte ponovo.
	at hr.java.covidportal.main.Glavna.provjeraSimptoma(Glavna.java:446)
	at hr.java.covidportal.main.Glavna.main(Glavna.java:76)
2020-11-12 03:44:26,541 ERROR [main] h.j.c.m.Glavna [Glavna.java:80] Već je unesena bolest sa istim simptomima!
hr.java.covidportal.iznimke.BolestIstihSimptoma: Već ste unijeli bolest/virus sa istim simptomima! Pokušajte ponovo.
	at hr.java.covidportal.main.Glavna.provjeraSimptoma(Glavna.java:446)
	at hr.java.covidportal.main.Glavna.main(Glavna.java:76)
2020-11-12 03:44:30,252 ERROR [main] h.j.c.m.Glavna [Glavna.java:80] Već je unesena bolest sa istim simptomima!
hr.java.covidportal.iznimke.BolestIstihSimptoma: Već ste unijeli bolest/virus sa istim simptomima! Pokušajte ponovo.
	at hr.java.covidportal.main.Glavna.provjeraSimptoma(Glavna.java:446)
	at hr.java.covidportal.main.Glavna.main(Glavna.java:76)
2020-11-12 03:44:33,979 ERROR [main] h.j.c.m.Glavna [Glavna.java:80] Već je unesena bolest sa istim simptomima!
hr.java.covidportal.iznimke.BolestIstihSimptoma: Već ste unijeli bolest/virus sa istim simptomima! Pokušajte ponovo.
	at hr.java.covidportal.main.Glavna.provjeraSimptoma(Glavna.java:446)
	at hr.java.covidportal.main.Glavna.main(Glavna.java:76)
2020-11-12 03:44:44,710 INFO [main] h.j.c.m.Glavna [Glavna.java:35] Program je uspješno pokrenut.
2020-11-12 03:44:46,622 INFO [main] h.j.c.m.Glavna [Glavna.java:52] Sve županije su uspješno unesene.
2020-11-12 03:44:59,233 INFO [main] h.j.c.m.Glavna [Glavna.java:62] Svi simptomi su uspješno uneseni.
2020-11-12 03:45:20,575 ERROR [main] h.j.c.m.Glavna [Glavna.java:80] Već je unesena bolest sa istim simptomima!
hr.java.covidportal.iznimke.BolestIstihSimptoma: Već ste unijeli bolest/virus sa istim simptomima! Pokušajte ponovo.
	at hr.java.covidportal.main.Glavna.provjeraSimptoma(Glavna.java:446)
	at hr.java.covidportal.main.Glavna.main(Glavna.java:76)
2020-11-12 03:45:33,267 ERROR [main] h.j.c.m.Glavna [Glavna.java:80] Već je unesena bolest sa istim simptomima!
hr.java.covidportal.iznimke.BolestIstihSimptoma: Već ste unijeli bolest/virus sa istim simptomima! Pokušajte ponovo.
	at hr.java.covidportal.main.Glavna.provjeraSimptoma(Glavna.java:446)
	at hr.java.covidportal.main.Glavna.main(Glavna.java:76)
2020-11-12 03:50:15,155 ERROR [main] h.j.c.m.Glavna [Glavna.java:80] Već je unesena bolest sa istim simptomima!
hr.java.covidportal.iznimke.BolestIstihSimptoma: Već ste unijeli bolest/virus sa istim simptomima! Pokušajte ponovo.
	at hr.java.covidportal.main.Glavna.provjeraSimptoma(Glavna.java:446)
	at hr.java.covidportal.main.Glavna.main(Glavna.java:76)
2020-11-12 03:52:11,784 INFO [main] h.j.c.m.Glavna [Glavna.java:84] Sve bolesti su uspješno unesene.
2020-11-12 03:52:19,692 INFO [main] h.j.c.m.Glavna [Glavna.java:35] Program je uspješno pokrenut.
2020-11-12 03:52:39,579 INFO [main] h.j.c.m.Glavna [Glavna.java:52] Sve županije su uspješno unesene.
2020-11-12 03:52:54,985 INFO [main] h.j.c.m.Glavna [Glavna.java:62] Svi simptomi su uspješno uneseni.
2020-11-12 03:53:09,123 ERROR [main] h.j.c.m.Glavna [Glavna.java:80] Već je unesena bolest sa istim simptomima!
hr.java.covidportal.iznimke.BolestIstihSimptoma: Već ste unijeli bolest/virus sa istim simptomima! Pokušajte ponovo.
	at hr.java.covidportal.main.Glavna.provjeraSimptoma(Glavna.java:432)
	at hr.java.covidportal.main.Glavna.main(Glavna.java:76)
2020-11-12 03:53:35,035 ERROR [main] h.j.c.m.Glavna [Glavna.java:80] Već je unesena bolest sa istim simptomima!
hr.java.covidportal.iznimke.BolestIstihSimptoma: Već ste unijeli bolest/virus sa istim simptomima! Pokušajte ponovo.
	at hr.java.covidportal.main.Glavna.provjeraSimptoma(Glavna.java:446)
	at hr.java.covidportal.main.Glavna.main(Glavna.java:76)
2020-11-12 03:53:40,154 ERROR [main] h.j.c.m.Glavna [Glavna.java:80] Već je unesena bolest sa istim simptomima!
hr.java.covidportal.iznimke.BolestIstihSimptoma: Već ste unijeli bolest/virus sa istim simptomima! Pokušajte ponovo.
	at hr.java.covidportal.main.Glavna.provjeraSimptoma(Glavna.java:446)
	at hr.java.covidportal.main.Glavna.main(Glavna.java:76)
2020-11-12 03:55:30,226 ERROR [main] h.j.c.m.Glavna [Glavna.java:475] Pogreška kod unosa brojčane vrijednosti. Unesen je string koji se ne može parsirati.
java.util.InputMismatchException: null
	at java.base/java.util.Scanner.throwFor(Scanner.java:939)
	at java.base/java.util.Scanner.next(Scanner.java:1594)
	at java.base/java.util.Scanner.nextInt(Scanner.java:2258)
	at java.base/java.util.Scanner.nextInt(Scanner.java:2212)
	at hr.java.covidportal.main.Glavna.unesiBolest(Glavna.java:471)
	at hr.java.covidportal.main.Glavna.main(Glavna.java:73)
2020-11-12 03:55:38,600 INFO [main] h.j.c.m.Glavna [Glavna.java:84] Sve bolesti su uspješno unesene.
2020-11-12 03:56:17,530 INFO [main] h.j.c.m.Glavna [Glavna.java:35] Program je uspješno pokrenut.
2020-11-12 03:56:24,606 INFO [main] h.j.c.m.Glavna [Glavna.java:35] Program je uspješno pokrenut.
2020-11-12 03:56:32,294 INFO [main] h.j.c.m.Glavna [Glavna.java:52] Sve županije su uspješno unesene.
2020-11-12 03:56:43,892 INFO [main] h.j.c.m.Glavna [Glavna.java:62] Svi simptomi su uspješno uneseni.
2020-11-12 03:57:06,364 ERROR [main] h.j.c.m.Glavna [Glavna.java:80] Već je unesena bolest sa istim simptomima!
hr.java.covidportal.iznimke.BolestIstihSimptoma: Već ste unijeli bolest/virus sa istim simptomima! Pokušajte ponovo.
	at hr.java.covidportal.main.Glavna.provjeraSimptoma(Glavna.java:432)
	at hr.java.covidportal.main.Glavna.main(Glavna.java:76)
2020-11-12 03:57:53,146 ERROR [main] h.j.c.m.Glavna [Glavna.java:80] Već je unesena bolest sa istim simptomima!
hr.java.covidportal.iznimke.BolestIstihSimptoma: Već ste unijeli bolest/virus sa istim simptomima! Pokušajte ponovo.
	at hr.java.covidportal.main.Glavna.provjeraSimptoma(Glavna.java:446)
	at hr.java.covidportal.main.Glavna.main(Glavna.java:76)
2020-11-12 03:59:37,592 ERROR [main] h.j.c.m.Glavna [Glavna.java:80] Već je unesena bolest sa istim simptomima!
hr.java.covidportal.iznimke.BolestIstihSimptoma: Već ste unijeli bolest/virus sa istim simptomima! Pokušajte ponovo.
	at hr.java.covidportal.main.Glavna.provjeraSimptoma(Glavna.java:446)
	at hr.java.covidportal.main.Glavna.main(Glavna.java:76)
2020-11-12 04:02:53,522 INFO [main] h.j.c.m.Glavna [Glavna.java:35] Program je uspješno pokrenut.
2020-11-12 04:03:05,311 INFO [main] h.j.c.m.Glavna [Glavna.java:35] Program je uspješno pokrenut.
2020-11-12 04:03:09,273 INFO [main] h.j.c.m.Glavna [Glavna.java:52] Sve županije su uspješno unesene.
2020-11-12 04:03:20,224 INFO [main] h.j.c.m.Glavna [Glavna.java:62] Svi simptomi su uspješno uneseni.
2020-11-12 04:03:33,029 ERROR [main] h.j.c.m.Glavna [Glavna.java:80] Već je unesena bolest sa istim simptomima!
hr.java.covidportal.iznimke.BolestIstihSimptoma: Već ste unijeli bolest/virus sa istim simptomima! Pokušajte ponovo.
	at hr.java.covidportal.main.Glavna.provjeraSimptoma(Glavna.java:432)
	at hr.java.covidportal.main.Glavna.main(Glavna.java:76)
2020-11-12 04:03:54,824 ERROR [main] h.j.c.m.Glavna [Glavna.java:80] Već je unesena bolest sa istim simptomima!
hr.java.covidportal.iznimke.BolestIstihSimptoma: Već ste unijeli bolest/virus sa istim simptomima! Pokušajte ponovo.
	at hr.java.covidportal.main.Glavna.provjeraSimptoma(Glavna.java:449)
	at hr.java.covidportal.main.Glavna.main(Glavna.java:76)
2020-11-12 04:04:01,876 INFO [main] h.j.c.m.Glavna [Glavna.java:84] Sve bolesti su uspješno unesene.
2020-11-12 04:05:28,682 INFO [main] h.j.c.m.Glavna [Glavna.java:35] Program je uspješno pokrenut.
2020-11-12 04:05:47,379 INFO [main] h.j.c.m.Glavna [Glavna.java:35] Program je uspješno pokrenut.
2020-11-12 04:05:55,167 ERROR [main] h.j.c.m.Glavna [Glavna.java:610] Pogreška kod unosa brojčane vrijednosti. Unesen je string koji se ne može parsirati.
java.util.InputMismatchException: null
	at java.base/java.util.Scanner.throwFor(Scanner.java:939)
	at java.base/java.util.Scanner.next(Scanner.java:1594)
	at java.base/java.util.Scanner.nextInt(Scanner.java:2258)
	at java.base/java.util.Scanner.nextInt(Scanner.java:2212)
	at hr.java.covidportal.main.Glavna.unesiZupaniju(Glavna.java:606)
	at hr.java.covidportal.main.Glavna.main(Glavna.java:50)
2020-11-12 04:06:15,663 INFO [main] h.j.c.m.Glavna [Glavna.java:52] Sve županije su uspješno unesene.
2020-11-12 04:06:32,799 INFO [main] h.j.c.m.Glavna [Glavna.java:62] Svi simptomi su uspješno uneseni.
2020-11-12 04:06:58,421 ERROR [main] h.j.c.m.Glavna [Glavna.java:80] Već je unesena bolest sa istim simptomima!
hr.java.covidportal.iznimke.BolestIstihSimptoma: Već ste unijeli bolest/virus sa istim simptomima! Pokušajte ponovo.
	at hr.java.covidportal.main.Glavna.provjeraSimptoma(Glavna.java:449)
	at hr.java.covidportal.main.Glavna.main(Glavna.java:76)
2020-11-12 04:07:49,274 ERROR [main] h.j.c.m.Glavna [Glavna.java:80] Već je unesena bolest sa istim simptomima!
hr.java.covidportal.iznimke.BolestIstihSimptoma: Već ste unijeli bolest/virus sa istim simptomima! Pokušajte ponovo.
	at hr.java.covidportal.main.Glavna.provjeraSimptoma(Glavna.java:449)
	at hr.java.covidportal.main.Glavna.main(Glavna.java:76)
2020-11-12 04:07:57,751 INFO [main] h.j.c.m.Glavna [Glavna.java:84] Sve bolesti su uspješno unesene.
2020-11-12 04:08:08,928 INFO [main] h.j.c.m.Glavna [Glavna.java:35] Program je uspješno pokrenut.
2020-11-12 04:08:36,222 INFO [main] h.j.c.m.Glavna [Glavna.java:52] Sve županije su uspješno unesene.
2020-11-12 04:08:48,732 INFO [main] h.j.c.m.Glavna [Glavna.java:62] Svi simptomi su uspješno uneseni.
2020-11-12 04:09:06,407 INFO [main] h.j.c.m.Glavna [Glavna.java:84] Sve bolesti su uspješno unesene.
2020-11-12 04:09:41,426 ERROR [main] h.j.c.m.Glavna [Glavna.java:236] Unio se indeks kontakta koji je veći od najvećeg indeksa kontaktiranih osoba
hr.java.covidportal.iznimke.PrevelikIndeksKontakta: Unijeli ste prevelik indeks za kontaktiranu osobu! Pokušajte ponovo.
	at hr.java.covidportal.main.Glavna.provjeraIndeksa(Glavna.java:275)
	at hr.java.covidportal.main.Glavna.odaberiKontakte(Glavna.java:233)
	at hr.java.covidportal.main.Glavna.unesiOsobu(Glavna.java:164)
	at hr.java.covidportal.main.Glavna.main(Glavna.java:92)
2020-11-12 04:09:42,329 INFO [main] h.j.c.m.Glavna [Glavna.java:95] Sve osobe su uspješno unesene.
2020-11-12 04:23:24,241 INFO [main] h.j.c.m.Glavna [Glavna.java:35] Program je uspješno pokrenut.
2020-11-12 16:37:28,532 INFO [main] h.j.c.m.Glavna [Glavna.java:35] Program je uspješno pokrenut.
2020-11-12 16:37:31,626 INFO [main] h.j.c.m.Glavna [Glavna.java:52] Sve županije su uspješno unesene.
2020-11-12 16:37:42,527 INFO [main] h.j.c.m.Glavna [Glavna.java:62] Svi simptomi su uspješno uneseni.
2020-11-12 16:40:05,039 INFO [main] h.j.c.m.Glavna [Glavna.java:35] Program je uspješno pokrenut.
2020-11-12 16:40:33,356 INFO [main] h.j.c.m.Glavna [Glavna.java:52] Sve županije su uspješno unesene.
2020-11-12 16:40:42,603 INFO [main] h.j.c.m.Glavna [Glavna.java:62] Svi simptomi su uspješno uneseni.
2020-11-12 16:40:55,009 INFO [main] h.j.c.m.Glavna [Glavna.java:35] Program je uspješno pokrenut.
2020-11-12 16:40:57,824 INFO [main] h.j.c.m.Glavna [Glavna.java:52] Sve županije su uspješno unesene.
2020-11-12 16:41:05,420 INFO [main] h.j.c.m.Glavna [Glavna.java:62] Svi simptomi su uspješno uneseni.
2020-11-12 16:41:08,350 INFO [main] h.j.c.m.Glavna [Glavna.java:84] Sve bolesti su uspješno unesene.
2020-11-12 16:41:56,398 ERROR [main] h.j.c.m.Glavna [Glavna.java:160] Pogreška kod unosa brojčane vrijednosti. Unesen je string koji se ne može parsirati.
java.util.InputMismatchException: null
	at java.base/java.util.Scanner.throwFor(Scanner.java:939)
	at java.base/java.util.Scanner.next(Scanner.java:1594)
	at java.base/java.util.Scanner.nextInt(Scanner.java:2258)
	at java.base/java.util.Scanner.nextInt(Scanner.java:2212)
	at hr.java.covidportal.main.Glavna.unesiOsobu(Glavna.java:156)
	at hr.java.covidportal.main.Glavna.main(Glavna.java:92)
2020-11-12 16:42:05,264 INFO [main] h.j.c.m.Glavna [Glavna.java:95] Sve osobe su uspješno unesene.
2020-11-12 16:52:07,712 INFO [main] h.j.c.m.Glavna [Glavna.java:35] Program je uspješno pokrenut.
2020-11-12 16:52:42,163 INFO [main] h.j.c.m.Glavna [Glavna.java:52] Sve županije su uspješno unesene.
2020-11-12 16:52:50,420 INFO [main] h.j.c.m.Glavna [Glavna.java:35] Program je uspješno pokrenut.
2020-11-12 16:52:52,611 INFO [main] h.j.c.m.Glavna [Glavna.java:52] Sve županije su uspješno unesene.
2020-11-12 16:53:03,563 INFO [main] h.j.c.m.Glavna [Glavna.java:62] Svi simptomi su uspješno uneseni.
2020-11-12 16:53:08,660 INFO [main] h.j.c.m.Glavna [Glavna.java:84] Sve bolesti su uspješno unesene.
2020-11-12 16:53:38,894 INFO [main] h.j.c.m.Glavna [Glavna.java:95] Sve osobe su uspješno unesene.
2020-11-12 16:58:26,957 INFO [main] h.j.c.m.Glavna [Glavna.java:35] Program je uspješno pokrenut.
2020-11-12 16:59:26,442 INFO [main] h.j.c.m.Glavna [Glavna.java:35] Program je uspješno pokrenut.
2020-11-12 16:59:28,549 INFO [main] h.j.c.m.Glavna [Glavna.java:52] Sve županije su uspješno unesene.
2020-11-12 16:59:35,734 INFO [main] h.j.c.m.Glavna [Glavna.java:62] Svi simptomi su uspješno uneseni.
2020-11-12 16:59:41,507 INFO [main] h.j.c.m.Glavna [Glavna.java:84] Sve bolesti su uspješno unesene.
2020-11-12 17:00:29,149 INFO [main] h.j.c.m.Glavna [Glavna.java:95] Sve osobe su uspješno unesene.
2020-11-12 17:11:02,762 INFO [main] h.j.c.m.Glavna [Glavna.java:35] Program je uspješno pokrenut.
2020-11-12 17:11:57,250 INFO [main] h.j.c.m.Glavna [Glavna.java:52] Sve županije su uspješno unesene.
2020-11-12 17:12:02,619 INFO [main] h.j.c.m.Glavna [Glavna.java:62] Svi simptomi su uspješno uneseni.
2020-11-12 17:12:08,993 INFO [main] h.j.c.m.Glavna [Glavna.java:84] Sve bolesti su uspješno unesene.
2020-11-12 17:13:25,457 INFO [main] h.j.c.m.Glavna [Glavna.java:95] Sve osobe su uspješno unesene.
2020-11-12 17:28:55,338 INFO [main] h.j.c.m.Glavna [Glavna.java:35] Program je uspješno pokrenut.
2020-11-12 17:29:01,908 INFO [main] h.j.c.m.Glavna [Glavna.java:52] Sve županije su uspješno unesene.
2020-11-12 17:29:11,357 INFO [main] h.j.c.m.Glavna [Glavna.java:62] Svi simptomi su uspješno uneseni.
2020-11-12 17:29:16,008 INFO [main] h.j.c.m.Glavna [Glavna.java:84] Sve bolesti su uspješno unesene.
2020-11-12 17:29:40,758 INFO [main] h.j.c.m.Glavna [Glavna.java:95] Sve osobe su uspješno unesene.
2020-11-12 17:31:11,418 INFO [main] h.j.c.m.Glavna [Glavna.java:35] Program je uspješno pokrenut.
2020-11-12 17:31:13,865 INFO [main] h.j.c.m.Glavna [Glavna.java:52] Sve županije su uspješno unesene.
2020-11-12 17:31:18,288 INFO [main] h.j.c.m.Glavna [Glavna.java:62] Svi simptomi su uspješno uneseni.
2020-11-12 17:31:24,536 INFO [main] h.j.c.m.Glavna [Glavna.java:84] Sve bolesti su uspješno unesene.
2020-11-12 17:31:51,279 INFO [main] h.j.c.m.Glavna [Glavna.java:95] Sve osobe su uspješno unesene.
